[17:26:27] [INIT] KubeJS 2001.6.5-build.16; MC 2001 forge
[17:26:27] [INIT] Loaded plugins:
[17:26:27] [INIT] - dev.latvian.mods.kubejs.forge.BuiltinKubeJSForgePlugin
[17:26:27] [INIT] - dev.latvian.mods.kubejs.forge.BuiltinKubeJSForgeClientPlugin
[17:26:27] [INIT] - com.lowdragmc.lowdraglib.kjs.LDLibKubeJSPlugin
[17:26:27] [INIT] - dev.ftb.mods.ftbxmodcompat.ftbquests.kubejs.KubeJSIntegration
[17:26:27] [INIT] - dev.ftb.mods.ftbxmodcompat.ftbchunks.kubejs.FTBChunksKubeJSPlugin
[17:26:27] [INIT] - dev.ftb.mods.ftbxmodcompat.ftbteams.kubejs.FTBTeamsKubeJSPlugin
[17:26:27] [INIT] - argent_matter.gcyr.integration.kjs.GCYRKubeJSPlugin
[17:26:27] [INIT] - dev.latvian.mods.kubejs.create.KubeJSCreatePlugin
[17:26:27] [INIT] - com.gregtechceu.gtceu.integration.kjs.GregTechKubeJSPlugin
[17:26:27] [INIT] - fr.iglee42.createcasing.compat.kubejs.KubeJSCompatPlugin
[17:26:27] [INIT] - com.blakebr0.cucumber.compat.kubejs.CucumberKubeJSPlugin
[17:26:29] [INFO] example.js#5: Hello, World! (Loaded server scripts)
[17:26:29] [INFO] Loaded script server_scripts:example.js in 0.0 s
[17:26:29] [INFO] Loaded 1/1 KubeJS server scripts in 0.012 s with 0 errors and 0 warnings
[17:26:29] [INFO] Scripts loaded
[17:26:29] [WARN] Due to the way Minecraft resource loading works, KubeJS' server.log may not contain everything that happened in your server scripts on initial world creation.
[17:26:29] [WARN] You can still see the full log (including past reloads) in your latest.log file.
[17:27:19] [INFO] Server resource reload complete!
