[22:04:12] [main/INFO]: ModLauncher running: args [--username, KeksNino, --version, 1.20.1, --gameDir, C:\Users\KeksNino\AppData\Roaming\gdlauncher_carbon\data\instances\modpack\instance, --assetsDir, C:\Users\KeksNino\AppData\Roaming\gdlauncher_carbon\data\assets, --assetIndex, 5, --uuid, dd26af85651a430eb5bc59c77eb57845, --accessToken, ????????, --userType, msa, --versionType, release, --launchTarget, forgeclient, --fml.forgeVersion, 47.3.12, --fml.mcVersion, 1.20.1, --fml.forgeGroup, net.minecraftforge, --fml.mcpVersion, 20230612.114412]
[22:04:12] [main/INFO]: ModLauncher 10.0.9+10.0.9+main.dcd20f30 starting: java version 17.0.13 by Azul Systems, Inc.; OS Windows 11 arch amd64 version 10.0
[22:04:15] [main/INFO]: Loading ImmediateWindowProvider fmlearlywindow
[22:04:15] [main/INFO]: Trying GL version 4.6
[22:04:15] [main/INFO]: Requested GL version 4.6 got version 4.6
[22:04:15] [pool-2-thread-1/INFO]: GL info: NVIDIA GeForce RTX 3060/PCIe/SSE2 GL version 4.6.0 NVIDIA 566.36, NVIDIA Corporation
[22:04:16] [main/INFO]: Starting Essential Loader (stage2) version 1.6.3 (285f951adc7537f49ae3ef9fc0d2fd3e) [stable]
[22:04:16] [main/INFO]: SpongePowered MIXIN Subsystem Version=0.8.5 Source=union:/C:/Users/KeksNino/AppData/Roaming/gdlauncher_carbon/data/libraries/org/spongepowered/mixin/0.8.5/mixin-0.8.5.jar%2393!/ Service=ModLauncher Env=CLIENT
[22:04:18] [main/INFO]: Found mod file 1.20.1-create_oppenheimered-1.0.4.jar of type MOD with provider {mods folder locator at C:\Users\KeksNino\AppData\Roaming\gdlauncher_carbon\data\instances\modpack\instance\mods}
[22:04:18] [main/INFO]: Found mod file [1.20.1] SecurityCraft v1.9.12.jar of type MOD with provider {mods folder locator at C:\Users\KeksNino\AppData\Roaming\gdlauncher_carbon\data\instances\modpack\instance\mods}
[22:04:18] [main/INFO]: Found mod file [forge]ctov-3.4.10.jar of type MOD with provider {mods folder locator at C:\Users\KeksNino\AppData\Roaming\gdlauncher_carbon\data\instances\modpack\instance\mods}
[22:04:18] [main/INFO]: Found mod file accessories-neoforge-1.0.0-beta.42+1.20.1.jar of type MOD with provider {mods folder locator at C:\Users\KeksNino\AppData\Roaming\gdlauncher_carbon\data\instances\modpack\instance\mods}
[22:04:18] [main/INFO]: Found mod file accessories_cclayer-7.4.0-beta.18+1.20.1.jar of type MOD with provider {mods folder locator at C:\Users\KeksNino\AppData\Roaming\gdlauncher_carbon\data\instances\modpack\instance\mods}
[22:04:18] [main/INFO]: Found mod file Ad-Astra-Giselle-Addon-forge-1.20.1-6.16.jar of type MOD with provider {mods folder locator at C:\Users\KeksNino\AppData\Roaming\gdlauncher_carbon\data\instances\modpack\instance\mods}
[22:04:18] [main/INFO]: Found mod file ad_astra-forge-1.20.1-1.15.19.jar of type MOD with provider {mods folder locator at C:\Users\KeksNino\AppData\Roaming\gdlauncher_carbon\data\instances\modpack\instance\mods}
[22:04:18] [main/INFO]: Found mod file AdditionalEnchantedMiner-1.20.1-1201.1.90.jar of type MOD with provider {mods folder locator at C:\Users\KeksNino\AppData\Roaming\gdlauncher_carbon\data\instances\modpack\instance\mods}
[22:04:18] [main/INFO]: Found mod file additionallanterns-1.1.1a-forge-mc1.20.jar of type MOD with provider {mods folder locator at C:\Users\KeksNino\AppData\Roaming\gdlauncher_carbon\data\instances\modpack\instance\mods}
[22:04:18] [main/INFO]: Found mod file AdLods-1.20.1-8.1.3.0-build.0820.jar of type MOD with provider {mods folder locator at C:\Users\KeksNino\AppData\Roaming\gdlauncher_carbon\data\instances\modpack\instance\mods}
[22:04:18] [main/INFO]: Found mod file AdvancedAE-1.0.6-1.20.1.jar of type MOD with provider {mods folder locator at C:\Users\KeksNino\AppData\Roaming\gdlauncher_carbon\data\instances\modpack\instance\mods}
[22:04:18] [main/INFO]: Found mod file AE2-Things-1.2.1.jar of type MOD with provider {mods folder locator at C:\Users\KeksNino\AppData\Roaming\gdlauncher_carbon\data\instances\modpack\instance\mods}
[22:04:18] [main/INFO]: Found mod file ae2ct-1.20.1-1.0.4.jar of type MOD with provider {mods folder locator at C:\Users\KeksNino\AppData\Roaming\gdlauncher_carbon\data\instances\modpack\instance\mods}
[22:04:18] [main/INFO]: Found mod file ae2insertexportcard-1.20.1-1.3.0.jar of type MOD with provider {mods folder locator at C:\Users\KeksNino\AppData\Roaming\gdlauncher_carbon\data\instances\modpack\instance\mods}
[22:04:18] [main/INFO]: Found mod file ae2wtlib-15.2.3-forge.jar of type MOD with provider {mods folder locator at C:\Users\KeksNino\AppData\Roaming\gdlauncher_carbon\data\instances\modpack\instance\mods}
[22:04:18] [main/INFO]: Found mod file AEAdditions-1.20.1-5.0.6.jar of type MOD with provider {mods folder locator at C:\Users\KeksNino\AppData\Roaming\gdlauncher_carbon\data\instances\modpack\instance\mods}
[22:04:18] [main/INFO]: Found mod file AEInfinityBooster-1.20.1-1.0.0+21.jar of type MOD with provider {mods folder locator at C:\Users\KeksNino\AppData\Roaming\gdlauncher_carbon\data\instances\modpack\instance\mods}
[22:04:18] [main/INFO]: Found mod file aether-1.20.1-1.5.1-neoforge.jar of type MOD with provider {mods folder locator at C:\Users\KeksNino\AppData\Roaming\gdlauncher_carbon\data\instances\modpack\instance\mods}
[22:04:18] [main/INFO]: Found mod file AI-Improvements-1.20-0.5.2.jar of type MOD with provider {mods folder locator at C:\Users\KeksNino\AppData\Roaming\gdlauncher_carbon\data\instances\modpack\instance\mods}
[22:04:18] [main/INFO]: Found mod file alexscaves-2.0.2.jar of type MOD with provider {mods folder locator at C:\Users\KeksNino\AppData\Roaming\gdlauncher_carbon\data\instances\modpack\instance\mods}
[22:04:18] [main/INFO]: Found mod file alexsmobs-1.22.9.jar of type MOD with provider {mods folder locator at C:\Users\KeksNino\AppData\Roaming\gdlauncher_carbon\data\instances\modpack\instance\mods}
[22:04:18] [main/INFO]: Found mod file allthecompressed-1.20.1-3.0.2.jar of type MOD with provider {mods folder locator at C:\Users\KeksNino\AppData\Roaming\gdlauncher_carbon\data\instances\modpack\instance\mods}
[22:04:18] [main/INFO]: Found mod file allthemodium-1.20.1-47.1.25-2.5.1.jar of type MOD with provider {mods folder locator at C:\Users\KeksNino\AppData\Roaming\gdlauncher_carbon\data\instances\modpack\instance\mods}
[22:04:18] [main/INFO]: Found mod file alltheores-1.20.1-47.1.3-2.2.4.jar of type MOD with provider {mods folder locator at C:\Users\KeksNino\AppData\Roaming\gdlauncher_carbon\data\instances\modpack\instance\mods}
[22:04:18] [main/INFO]: Found mod file almostunified-forge-1.20.1-0.9.4.jar of type MOD with provider {mods folder locator at C:\Users\KeksNino\AppData\Roaming\gdlauncher_carbon\data\instances\modpack\instance\mods}
[22:04:18] [main/INFO]: Found mod file alternate_current-mc1.20-1.7.0.jar of type MOD with provider {mods folder locator at C:\Users\KeksNino\AppData\Roaming\gdlauncher_carbon\data\instances\modpack\instance\mods}
[22:04:18] [main/INFO]: Found mod file Apotheosis-1.20.1-7.4.3.jar of type MOD with provider {mods folder locator at C:\Users\KeksNino\AppData\Roaming\gdlauncher_carbon\data\instances\modpack\instance\mods}
[22:04:18] [main/INFO]: Found mod file ApothicAttributes-1.20.1-1.3.7.jar of type MOD with provider {mods folder locator at C:\Users\KeksNino\AppData\Roaming\gdlauncher_carbon\data\instances\modpack\instance\mods}
[22:04:18] [main/INFO]: Found mod file appleskin-forge-mc1.20.1-2.5.1.jar of type MOD with provider {mods folder locator at C:\Users\KeksNino\AppData\Roaming\gdlauncher_carbon\data\instances\modpack\instance\mods}
[22:04:18] [main/INFO]: Found mod file Applied-Botanics-forge-1.5.0.jar of type MOD with provider {mods folder locator at C:\Users\KeksNino\AppData\Roaming\gdlauncher_carbon\data\instances\modpack\instance\mods}
[22:04:18] [main/INFO]: Found mod file Applied-Mekanistics-1.4.2.jar of type MOD with provider {mods folder locator at C:\Users\KeksNino\AppData\Roaming\gdlauncher_carbon\data\instances\modpack\instance\mods}
[22:04:18] [main/INFO]: Found mod file appliedenergistics2-forge-15.2.15.jar of type MOD with provider {mods folder locator at C:\Users\KeksNino\AppData\Roaming\gdlauncher_carbon\data\instances\modpack\instance\mods}
[22:04:18] [main/INFO]: Found mod file ars_additions-1.20.1-1.6.7.jar of type MOD with provider {mods folder locator at C:\Users\KeksNino\AppData\Roaming\gdlauncher_carbon\data\instances\modpack\instance\mods}
[22:04:18] [main/INFO]: Found mod file ars_elemental-1.20.1-0.6.7.7.jar of type MOD with provider {mods folder locator at C:\Users\KeksNino\AppData\Roaming\gdlauncher_carbon\data\instances\modpack\instance\mods}
[22:04:18] [main/INFO]: Found mod file ars_nouveau-1.20.1-4.12.6-all.jar of type MOD with provider {mods folder locator at C:\Users\KeksNino\AppData\Roaming\gdlauncher_carbon\data\instances\modpack\instance\mods}
[22:04:18] [main/INFO]: Found mod file ars_ocultas-1.20.1-1.2.2-all.jar of type MOD with provider {mods folder locator at C:\Users\KeksNino\AppData\Roaming\gdlauncher_carbon\data\instances\modpack\instance\mods}
[22:04:18] [main/INFO]: Found mod file arseng-1.2.0.jar of type MOD with provider {mods folder locator at C:\Users\KeksNino\AppData\Roaming\gdlauncher_carbon\data\instances\modpack\instance\mods}
[22:04:18] [main/INFO]: Found mod file artifacts-forge-9.5.13.jar of type MOD with provider {mods folder locator at C:\Users\KeksNino\AppData\Roaming\gdlauncher_carbon\data\instances\modpack\instance\mods}
[22:04:18] [main/INFO]: Found mod file athena-forge-1.20.1-3.1.2.jar of type MOD with provider {mods folder locator at C:\Users\KeksNino\AppData\Roaming\gdlauncher_carbon\data\instances\modpack\instance\mods}
[22:04:18] [main/INFO]: Found mod file AttributeFix-Forge-1.20.1-21.0.4.jar of type MOD with provider {mods folder locator at C:\Users\KeksNino\AppData\Roaming\gdlauncher_carbon\data\instances\modpack\instance\mods}
[22:04:18] [main/INFO]: Found mod file azure-paxels-neo-1.20.1-1.0.6.jar of type MOD with provider {mods folder locator at C:\Users\KeksNino\AppData\Roaming\gdlauncher_carbon\data\instances\modpack\instance\mods}
[22:04:18] [main/INFO]: Found mod file BadOptimizations-2.2.1-1.20.1.jar of type MOD with provider {mods folder locator at C:\Users\KeksNino\AppData\Roaming\gdlauncher_carbon\data\instances\modpack\instance\mods}
[22:04:18] [main/INFO]: Found mod file balm-forge-1.20.1-7.3.9-all.jar of type MOD with provider {mods folder locator at C:\Users\KeksNino\AppData\Roaming\gdlauncher_carbon\data\instances\modpack\instance\mods}
[22:04:18] [main/INFO]: Found mod file baubley-heart-canisters-1.20.1-1.1.0.jar of type MOD with provider {mods folder locator at C:\Users\KeksNino\AppData\Roaming\gdlauncher_carbon\data\instances\modpack\instance\mods}
[22:04:18] [main/INFO]: Found mod file BetterAdvancements-Forge-1.20.1-0.4.2.10.jar of type MOD with provider {mods folder locator at C:\Users\KeksNino\AppData\Roaming\gdlauncher_carbon\data\instances\modpack\instance\mods}
[22:04:18] [main/INFO]: Found mod file betterfpsdist-1.20.1-6.0.jar of type MOD with provider {mods folder locator at C:\Users\KeksNino\AppData\Roaming\gdlauncher_carbon\data\instances\modpack\instance\mods}
[22:04:18] [main/INFO]: Found mod file BiomesOPlenty-forge-1.20.1-19.0.0.91.jar of type MOD with provider {mods folder locator at C:\Users\KeksNino\AppData\Roaming\gdlauncher_carbon\data\instances\modpack\instance\mods}
[22:04:18] [main/INFO]: Found mod file blastingraw-1.20.1-2-forge.jar of type MOD with provider {mods folder locator at C:\Users\KeksNino\AppData\Roaming\gdlauncher_carbon\data\instances\modpack\instance\mods}
[22:04:18] [main/INFO]: Found mod file blocksyouneed_luna-1.6.4-forge-1.20.1.jar of type MOD with provider {mods folder locator at C:\Users\KeksNino\AppData\Roaming\gdlauncher_carbon\data\instances\modpack\instance\mods}
[22:04:18] [main/INFO]: Found mod file bloodmagic-1.20.1-3.3.3-45.jar of type MOD with provider {mods folder locator at C:\Users\KeksNino\AppData\Roaming\gdlauncher_carbon\data\instances\modpack\instance\mods}
[22:04:18] [main/INFO]: Found mod file blue_skies-1.20.1-1.3.31.jar of type MOD with provider {mods folder locator at C:\Users\KeksNino\AppData\Roaming\gdlauncher_carbon\data\instances\modpack\instance\mods}
[22:04:18] [main/INFO]: Found mod file Bookshelf-Forge-1.20.1-20.2.13.jar of type MOD with provider {mods folder locator at C:\Users\KeksNino\AppData\Roaming\gdlauncher_carbon\data\instances\modpack\instance\mods}
[22:04:18] [main/INFO]: Found mod file Botania-1.20.1-446-FORGE.jar of type MOD with provider {mods folder locator at C:\Users\KeksNino\AppData\Roaming\gdlauncher_carbon\data\instances\modpack\instance\mods}
[22:04:18] [main/INFO]: Found mod file BotanyPots-Forge-1.20.1-13.0.39.jar of type MOD with provider {mods folder locator at C:\Users\KeksNino\AppData\Roaming\gdlauncher_carbon\data\instances\modpack\instance\mods}
[22:04:18] [main/INFO]: Found mod file BotanyPotsTiers-Forge-1.20.1-6.0.2.jar of type MOD with provider {mods folder locator at C:\Users\KeksNino\AppData\Roaming\gdlauncher_carbon\data\instances\modpack\instance\mods}
[22:04:18] [main/INFO]: Found mod file BotanyTrees-Forge-1.20.1-9.0.17.jar of type MOD with provider {mods folder locator at C:\Users\KeksNino\AppData\Roaming\gdlauncher_carbon\data\instances\modpack\instance\mods}
[22:04:18] [main/INFO]: Found mod file botarium-forge-1.20.1-2.3.4.jar of type MOD with provider {mods folder locator at C:\Users\KeksNino\AppData\Roaming\gdlauncher_carbon\data\instances\modpack\instance\mods}
[22:04:18] [main/INFO]: Found mod file BrandonsCore-1.20.1-3.2.1.302-universal.jar of type MOD with provider {mods folder locator at C:\Users\KeksNino\AppData\Roaming\gdlauncher_carbon\data\instances\modpack\instance\mods}
[22:04:18] [main/INFO]: Found mod file BridgingMod-2.5.1+1.20.1.forge-release.jar of type MOD with provider {mods folder locator at C:\Users\KeksNino\AppData\Roaming\gdlauncher_carbon\data\instances\modpack\instance\mods}
[22:04:18] [main/INFO]: Found mod file buildinggadgets2-1.0.7.jar of type MOD with provider {mods folder locator at C:\Users\KeksNino\AppData\Roaming\gdlauncher_carbon\data\instances\modpack\instance\mods}
[22:04:18] [main/INFO]: Found mod file cabletiers-1.20.1-1.2.2.jar of type MOD with provider {mods folder locator at C:\Users\KeksNino\AppData\Roaming\gdlauncher_carbon\data\instances\modpack\instance\mods}
[22:04:18] [main/INFO]: Found mod file caelus-forge-3.2.0+1.20.1.jar of type MOD with provider {mods folder locator at C:\Users\KeksNino\AppData\Roaming\gdlauncher_carbon\data\instances\modpack\instance\mods}
[22:04:18] [main/INFO]: Found mod file cc-tweaked-1.20.1-forge-1.113.1.jar of type MOD with provider {mods folder locator at C:\Users\KeksNino\AppData\Roaming\gdlauncher_carbon\data\instances\modpack\instance\mods}
[22:04:18] [main/INFO]: Found mod file cccbridge-mc1.20.1-forge-1.6.3.jar of type MOD with provider {mods folder locator at C:\Users\KeksNino\AppData\Roaming\gdlauncher_carbon\data\instances\modpack\instance\mods}
[22:04:18] [main/INFO]: Found mod file centrifugetiersreproduced-1.20.1-1.4.2.jar of type MOD with provider {mods folder locator at C:\Users\KeksNino\AppData\Roaming\gdlauncher_carbon\data\instances\modpack\instance\mods}
[22:04:18] [main/INFO]: Found mod file charginggadgets-1.11.0.jar of type MOD with provider {mods folder locator at C:\Users\KeksNino\AppData\Roaming\gdlauncher_carbon\data\instances\modpack\instance\mods}
[22:04:18] [main/INFO]: Found mod file Chimes-v2.0.1-1.20.1.jar of type MOD with provider {mods folder locator at C:\Users\KeksNino\AppData\Roaming\gdlauncher_carbon\data\instances\modpack\instance\mods}
[22:04:18] [main/INFO]: Found mod file chipped-forge-1.20.1-3.0.7.jar of type MOD with provider {mods folder locator at C:\Users\KeksNino\AppData\Roaming\gdlauncher_carbon\data\instances\modpack\instance\mods}
[22:04:18] [main/INFO]: Found mod file chisel-forge-1.20.1-1.8.0.jar of type MOD with provider {mods folder locator at C:\Users\KeksNino\AppData\Roaming\gdlauncher_carbon\data\instances\modpack\instance\mods}
[22:04:18] [main/INFO]: Found mod file chisel_chipped_integration-v1.1.4-1.20.1.jar of type MOD with provider {mods folder locator at C:\Users\KeksNino\AppData\Roaming\gdlauncher_carbon\data\instances\modpack\instance\mods}
[22:04:18] [main/INFO]: Found mod file chisels-and-bits-forge-1.4.148.jar of type MOD with provider {mods folder locator at C:\Users\KeksNino\AppData\Roaming\gdlauncher_carbon\data\instances\modpack\instance\mods}
[22:04:18] [main/INFO]: Found mod file chunksending-1.20.1-2.8.jar of type MOD with provider {mods folder locator at C:\Users\KeksNino\AppData\Roaming\gdlauncher_carbon\data\instances\modpack\instance\mods}
[22:04:18] [main/INFO]: Found mod file citadel-2.6.0-1.20.1.jar of type MOD with provider {mods folder locator at C:\Users\KeksNino\AppData\Roaming\gdlauncher_carbon\data\instances\modpack\instance\mods}
[22:04:18] [main/INFO]: Found mod file ClickMachine-1.20.1-8.0.2.jar of type MOD with provider {mods folder locator at C:\Users\KeksNino\AppData\Roaming\gdlauncher_carbon\data\instances\modpack\instance\mods}
[22:04:18] [main/INFO]: Found mod file cloth-config-11.1.136-forge.jar of type MOD with provider {mods folder locator at C:\Users\KeksNino\AppData\Roaming\gdlauncher_carbon\data\instances\modpack\instance\mods}
[22:04:18] [main/INFO]: Found mod file Clumps-forge-1.20.1-12.0.0.4.jar of type MOD with provider {mods folder locator at C:\Users\KeksNino\AppData\Roaming\gdlauncher_carbon\data\instances\modpack\instance\mods}
[22:04:18] [main/INFO]: Found mod file CobbleForDays-1.8.0.jar of type MOD with provider {mods folder locator at C:\Users\KeksNino\AppData\Roaming\gdlauncher_carbon\data\instances\modpack\instance\mods}
[22:04:18] [main/INFO]: Found mod file cobweb-forge-1.20.1-1.0.0.jar of type MOD with provider {mods folder locator at C:\Users\KeksNino\AppData\Roaming\gdlauncher_carbon\data\instances\modpack\instance\mods}
[22:04:18] [main/INFO]: Found mod file CodeChickenLib-1.20.1-4.4.0.516-universal.jar of type MOD with provider {mods folder locator at C:\Users\KeksNino\AppData\Roaming\gdlauncher_carbon\data\instances\modpack\instance\mods}
[22:04:18] [main/INFO]: Found mod file cofh_core-1.20.1-11.0.2.56.jar of type MOD with provider {mods folder locator at C:\Users\KeksNino\AppData\Roaming\gdlauncher_carbon\data\instances\modpack\instance\mods}
[22:04:18] [main/INFO]: Found mod file collective-1.20.1-7.87.jar of type MOD with provider {mods folder locator at C:\Users\KeksNino\AppData\Roaming\gdlauncher_carbon\data\instances\modpack\instance\mods}
[22:04:18] [main/INFO]: Found mod file comforts-forge-6.4.0+1.20.1.jar of type MOD with provider {mods folder locator at C:\Users\KeksNino\AppData\Roaming\gdlauncher_carbon\data\instances\modpack\instance\mods}
[22:04:18] [main/INFO]: Found mod file CommonCapabilities-1.20.1-2.9.3.jar of type MOD with provider {mods folder locator at C:\Users\KeksNino\AppData\Roaming\gdlauncher_carbon\data\instances\modpack\instance\mods}
[22:04:18] [main/INFO]: Found mod file configured-forge-1.20.1-2.2.3.jar of type MOD with provider {mods folder locator at C:\Users\KeksNino\AppData\Roaming\gdlauncher_carbon\data\instances\modpack\instance\mods}
[22:04:18] [main/INFO]: Found mod file connectedglass-1.1.12-forge-mc1.20.1.jar of type MOD with provider {mods folder locator at C:\Users\KeksNino\AppData\Roaming\gdlauncher_carbon\data\instances\modpack\instance\mods}
[22:04:18] [main/INFO]: Found mod file constructionwand-1.20.1-2.11.jar of type MOD with provider {mods folder locator at C:\Users\KeksNino\AppData\Roaming\gdlauncher_carbon\data\instances\modpack\instance\mods}
[22:04:18] [main/INFO]: Found mod file Controlling-forge-1.20.1-12.0.2.jar of type MOD with provider {mods folder locator at C:\Users\KeksNino\AppData\Roaming\gdlauncher_carbon\data\instances\modpack\instance\mods}
[22:04:18] [main/INFO]: Found mod file cookingforblockheads-forge-1.20.1-16.0.9.jar of type MOD with provider {mods folder locator at C:\Users\KeksNino\AppData\Roaming\gdlauncher_carbon\data\instances\modpack\instance\mods}
[22:04:18] [main/INFO]: Found mod file Corgilib-Forge-1.20.1-4.0.3.2.jar of type MOD with provider {mods folder locator at C:\Users\KeksNino\AppData\Roaming\gdlauncher_carbon\data\instances\modpack\instance\mods}
[22:04:18] [main/INFO]: Found mod file cosmeticarmorreworked-1.20.1-v1a.jar of type MOD with provider {mods folder locator at C:\Users\KeksNino\AppData\Roaming\gdlauncher_carbon\data\instances\modpack\instance\mods}
[22:04:18] [main/INFO]: Found mod file countrysflags-1.3.2-1.20-1.20.1.jar of type MOD with provider {mods folder locator at C:\Users\KeksNino\AppData\Roaming\gdlauncher_carbon\data\instances\modpack\instance\mods}
[22:04:18] [main/INFO]: Found mod file cp_tweaks-forge-1.20.1-1.0.21.jar of type MOD with provider {mods folder locator at C:\Users\KeksNino\AppData\Roaming\gdlauncher_carbon\data\instances\modpack\instance\mods}
[22:04:18] [main/INFO]: Found mod file crafting-on-a-stick-1.20.1-1.1.5.jar of type MOD with provider {mods folder locator at C:\Users\KeksNino\AppData\Roaming\gdlauncher_carbon\data\instances\modpack\instance\mods}
[22:04:18] [main/INFO]: Found mod file craftingtweaks-forge-1.20.1-18.2.5.jar of type MOD with provider {mods folder locator at C:\Users\KeksNino\AppData\Roaming\gdlauncher_carbon\data\instances\modpack\instance\mods}
[22:04:18] [main/INFO]: Found mod file create-1.20.1-0.5.1.j.jar of type MOD with provider {mods folder locator at C:\Users\KeksNino\AppData\Roaming\gdlauncher_carbon\data\instances\modpack\instance\mods}
[22:04:18] [main/INFO]: Found mod file create-confectionery1.20.1_v1.1.0.jar of type MOD with provider {mods folder locator at C:\Users\KeksNino\AppData\Roaming\gdlauncher_carbon\data\instances\modpack\instance\mods}
[22:04:18] [main/INFO]: Found mod file create-stuff-additions1.20.1_v2.0.5.jar of type MOD with provider {mods folder locator at C:\Users\KeksNino\AppData\Roaming\gdlauncher_carbon\data\instances\modpack\instance\mods}
[22:04:18] [main/INFO]: Found mod file create_better_villagers-1.2.2.j.jar of type MOD with provider {mods folder locator at C:\Users\KeksNino\AppData\Roaming\gdlauncher_carbon\data\instances\modpack\instance\mods}
[22:04:18] [main/INFO]: Found mod file create_connected-0.9.2-mc1.20.1-all.jar of type MOD with provider {mods folder locator at C:\Users\KeksNino\AppData\Roaming\gdlauncher_carbon\data\instances\modpack\instance\mods}
[22:04:18] [main/INFO]: Found mod file create_enchantment_industry-1.20.1-for-create-0.5.1.f-1.2.9.d.jar of type MOD with provider {mods folder locator at C:\Users\KeksNino\AppData\Roaming\gdlauncher_carbon\data\instances\modpack\instance\mods}
[22:04:18] [main/INFO]: Found mod file create_netherless-1.20.1-1.3.jar of type MOD with provider {mods folder locator at C:\Users\KeksNino\AppData\Roaming\gdlauncher_carbon\data\instances\modpack\instance\mods}
[22:04:18] [main/INFO]: Found mod file createaddition-1.20.1-1.2.4e.jar of type MOD with provider {mods folder locator at C:\Users\KeksNino\AppData\Roaming\gdlauncher_carbon\data\instances\modpack\instance\mods}
[22:04:18] [main/INFO]: Found mod file createappliedkinetics-1.4.0-1.20.1.jar of type MOD with provider {mods folder locator at C:\Users\KeksNino\AppData\Roaming\gdlauncher_carbon\data\instances\modpack\instance\mods}
[22:04:18] [main/INFO]: Found mod file createbb-1.20.1-3.2.2.jar of type MOD with provider {mods folder locator at C:\Users\KeksNino\AppData\Roaming\gdlauncher_carbon\data\instances\modpack\instance\mods}
[22:04:18] [main/INFO]: Found mod file createbigcannons-5.6.0-mc.1.20.1-forge.jar of type MOD with provider {mods folder locator at C:\Users\KeksNino\AppData\Roaming\gdlauncher_carbon\data\instances\modpack\instance\mods}
[22:04:18] [main/INFO]: Found mod file CreateCasing-1.20.1-1.6.2-fix1.jar of type MOD with provider {mods folder locator at C:\Users\KeksNino\AppData\Roaming\gdlauncher_carbon\data\instances\modpack\instance\mods}
[22:04:18] [main/INFO]: Found mod file createdeco-2.0.2-1.20.1-forge.jar of type MOD with provider {mods folder locator at C:\Users\KeksNino\AppData\Roaming\gdlauncher_carbon\data\instances\modpack\instance\mods}
[22:04:18] [main/INFO]: Found mod file createliquidfuel-2.1.1-1.20.1.jar of type MOD with provider {mods folder locator at C:\Users\KeksNino\AppData\Roaming\gdlauncher_carbon\data\instances\modpack\instance\mods}
[22:04:18] [main/INFO]: Found mod file createrailwaysnavigator-forge-1.20.1-0.6.0.jar of type MOD with provider {mods folder locator at C:\Users\KeksNino\AppData\Roaming\gdlauncher_carbon\data\instances\modpack\instance\mods}
[22:04:18] [main/INFO]: Found mod file Croptopia-1.20.1-FORGE-3.0.4.jar of type MOD with provider {mods folder locator at C:\Users\KeksNino\AppData\Roaming\gdlauncher_carbon\data\instances\modpack\instance\mods}
[22:04:18] [main/INFO]: Found mod file Cucumber-1.20.1-7.0.13.jar of type MOD with provider {mods folder locator at C:\Users\KeksNino\AppData\Roaming\gdlauncher_carbon\data\instances\modpack\instance\mods}
[22:04:18] [main/INFO]: Found mod file cupboard-1.20.1-2.7.jar of type MOD with provider {mods folder locator at C:\Users\KeksNino\AppData\Roaming\gdlauncher_carbon\data\instances\modpack\instance\mods}
[22:04:18] [main/INFO]: Found mod file curios-forge-5.11.0+1.20.1.jar of type MOD with provider {mods folder locator at C:\Users\KeksNino\AppData\Roaming\gdlauncher_carbon\data\instances\modpack\instance\mods}
[22:04:18] [main/INFO]: Found mod file curiotiab-1.20.1-2.0.2.jar of type MOD with provider {mods folder locator at C:\Users\KeksNino\AppData\Roaming\gdlauncher_carbon\data\instances\modpack\instance\mods}
[22:04:18] [main/INFO]: Found mod file CyclopsCore-1.20.1-1.19.5.jar of type MOD with provider {mods folder locator at C:\Users\KeksNino\AppData\Roaming\gdlauncher_carbon\data\instances\modpack\instance\mods}
[22:04:18] [main/INFO]: Found mod file dankstorage-forge-1.20.1-13.jar of type MOD with provider {mods folder locator at C:\Users\KeksNino\AppData\Roaming\gdlauncher_carbon\data\instances\modpack\instance\mods}
[22:04:18] [main/INFO]: Found mod file darksmithing-forge-1.20.1-1.0.5.jar of type MOD with provider {mods folder locator at C:\Users\KeksNino\AppData\Roaming\gdlauncher_carbon\data\instances\modpack\instance\mods}
[22:04:18] [main/INFO]: Found mod file DarkUtilities-Forge-1.20.1-17.0.5.jar of type MOD with provider {mods folder locator at C:\Users\KeksNino\AppData\Roaming\gdlauncher_carbon\data\instances\modpack\instance\mods}
[22:04:18] [main/INFO]: Found mod file decorative_blocks-forge-1.20.1-4.1.3.jar of type MOD with provider {mods folder locator at C:\Users\KeksNino\AppData\Roaming\gdlauncher_carbon\data\instances\modpack\instance\mods}
[22:04:18] [main/INFO]: Found mod file deeperdarker-forge-1.20.1-1.3.3.jar of type MOD with provider {mods folder locator at C:\Users\KeksNino\AppData\Roaming\gdlauncher_carbon\data\instances\modpack\instance\mods}
[22:04:18] [main/INFO]: Found mod file doubledoors-1.20.1-5.9.jar of type MOD with provider {mods folder locator at C:\Users\KeksNino\AppData\Roaming\gdlauncher_carbon\data\instances\modpack\instance\mods}
[22:04:18] [main/INFO]: Found mod file Draconic-Evolution-1.20.1-3.1.2.598-universal.jar of type MOD with provider {mods folder locator at C:\Users\KeksNino\AppData\Roaming\gdlauncher_carbon\data\instances\modpack\instance\mods}
[22:04:18] [main/INFO]: Found mod file dragondropselytra-1.20.1-3.4.jar of type MOD with provider {mods folder locator at C:\Users\KeksNino\AppData\Roaming\gdlauncher_carbon\data\instances\modpack\instance\mods}
[22:04:18] [main/INFO]: Found mod file DrawersTooltip-1.20.1-forge-8.0.0.jar of type MOD with provider {mods folder locator at C:\Users\KeksNino\AppData\Roaming\gdlauncher_carbon\data\instances\modpack\instance\mods}
[22:04:18] [main/INFO]: Found mod file drinkbeer-refill-1.20.1-1.0.5.jar of type MOD with provider {mods folder locator at C:\Users\KeksNino\AppData\Roaming\gdlauncher_carbon\data\instances\modpack\instance\mods}
[22:04:18] [main/INFO]: Found mod file duckling-3.0.0-forge.jar of type MOD with provider {mods folder locator at C:\Users\KeksNino\AppData\Roaming\gdlauncher_carbon\data\instances\modpack\instance\mods}
[22:04:18] [main/INFO]: Found mod file Dungeon Crawl-1.20.1-2.3.14.jar of type MOD with provider {mods folder locator at C:\Users\KeksNino\AppData\Roaming\gdlauncher_carbon\data\instances\modpack\instance\mods}
[22:04:18] [main/INFO]: Found mod file Easy Paper 1.0.0 - 1.20.1.jar of type MOD with provider {mods folder locator at C:\Users\KeksNino\AppData\Roaming\gdlauncher_carbon\data\instances\modpack\instance\mods}
[22:04:18] [main/INFO]: Found mod file easy-piglins-forge-1.20.1-1.0.13.jar of type MOD with provider {mods folder locator at C:\Users\KeksNino\AppData\Roaming\gdlauncher_carbon\data\instances\modpack\instance\mods}
[22:04:18] [main/INFO]: Found mod file easy-villagers-forge-1.20.1-1.1.23.jar of type MOD with provider {mods folder locator at C:\Users\KeksNino\AppData\Roaming\gdlauncher_carbon\data\instances\modpack\instance\mods}
[22:04:18] [main/INFO]: Found mod file EasyPaxel1.20.1(Forge)vs1.0.3.jar of type MOD with provider {mods folder locator at C:\Users\KeksNino\AppData\Roaming\gdlauncher_carbon\data\instances\modpack\instance\mods}
[22:04:18] [main/INFO]: Found mod file EdivadLib-1.20.1-2.0.1.jar of type MOD with provider {mods folder locator at C:\Users\KeksNino\AppData\Roaming\gdlauncher_carbon\data\instances\modpack\instance\mods}
[22:04:18] [main/INFO]: Found mod file elevatorid-1.20.1-lex-1.9.jar of type MOD with provider {mods folder locator at C:\Users\KeksNino\AppData\Roaming\gdlauncher_carbon\data\instances\modpack\instance\mods}
[22:04:18] [main/INFO]: Found mod file embeddium-0.3.31+mc1.20.1.jar of type MOD with provider {mods folder locator at C:\Users\KeksNino\AppData\Roaming\gdlauncher_carbon\data\instances\modpack\instance\mods}
[22:04:18] [main/INFO]: Found mod file emi-1.1.18+1.20.1+forge.jar of type MOD with provider {mods folder locator at C:\Users\KeksNino\AppData\Roaming\gdlauncher_carbon\data\instances\modpack\instance\mods}
[22:04:18] [main/INFO]: Found mod file emi_enchanting-0.1.2+1.20.1+forge.jar of type MOD with provider {mods folder locator at C:\Users\KeksNino\AppData\Roaming\gdlauncher_carbon\data\instances\modpack\instance\mods}
[22:04:18] [main/INFO]: Found mod file emi_loot-0.7.4+1.20.1+forge.jar of type MOD with provider {mods folder locator at C:\Users\KeksNino\AppData\Roaming\gdlauncher_carbon\data\instances\modpack\instance\mods}
[22:04:18] [main/INFO]: Found mod file emiffect-forge-1.1.2+mc1.20.1.jar of type MOD with provider {mods folder locator at C:\Users\KeksNino\AppData\Roaming\gdlauncher_carbon\data\instances\modpack\instance\mods}
[22:04:18] [main/INFO]: Found mod file emitrades-forge-1.2.1+mc1.20.1.jar of type MOD with provider {mods folder locator at C:\Users\KeksNino\AppData\Roaming\gdlauncher_carbon\data\instances\modpack\instance\mods}
[22:04:18] [main/INFO]: Found mod file EnchantmentDescriptions-Forge-1.20.1-17.1.19.jar of type MOD with provider {mods folder locator at C:\Users\KeksNino\AppData\Roaming\gdlauncher_carbon\data\instances\modpack\instance\mods}
[22:04:18] [main/INFO]: Found mod file enderchests-forge-1.20.1-1.3.jar of type MOD with provider {mods folder locator at C:\Users\KeksNino\AppData\Roaming\gdlauncher_carbon\data\instances\modpack\instance\mods}
[22:04:18] [main/INFO]: Found mod file endercrop-1.20.1-1.7.0.jar of type MOD with provider {mods folder locator at C:\Users\KeksNino\AppData\Roaming\gdlauncher_carbon\data\instances\modpack\instance\mods}
[22:04:18] [main/INFO]: Found mod file EnderIO-1.20.1-6.2.2-beta-all.jar of type MOD with provider {mods folder locator at C:\Users\KeksNino\AppData\Roaming\gdlauncher_carbon\data\instances\modpack\instance\mods}
[22:04:18] [main/INFO]: Found mod file EnderStorage-1.20.1-2.11.0.188-universal.jar of type MOD with provider {mods folder locator at C:\Users\KeksNino\AppData\Roaming\gdlauncher_carbon\data\instances\modpack\instance\mods}
[22:04:18] [main/INFO]: Found mod file endertanks-forge-1.20.1-1.4.jar of type MOD with provider {mods folder locator at C:\Users\KeksNino\AppData\Roaming\gdlauncher_carbon\data\instances\modpack\instance\mods}
[22:04:18] [main/INFO]: Found mod file endportalrecipe-1.20.1-5.5.jar of type MOD with provider {mods folder locator at C:\Users\KeksNino\AppData\Roaming\gdlauncher_carbon\data\instances\modpack\instance\mods}
[22:04:18] [main/INFO]: Found mod file Enhanced-Celestials-Forge-1.20.1-5.0.1.0.jar of type MOD with provider {mods folder locator at C:\Users\KeksNino\AppData\Roaming\gdlauncher_carbon\data\instances\modpack\instance\mods}
[22:04:18] [main/INFO]: Found mod file entangled-1.3.20-forge-mc1.20.4.jar of type MOD with provider {mods folder locator at C:\Users\KeksNino\AppData\Roaming\gdlauncher_carbon\data\instances\modpack\instance\mods}
[22:04:18] [main/INFO]: Found mod file entityculling-forge-1.7.1-mc1.20.1.jar of type MOD with provider {mods folder locator at C:\Users\KeksNino\AppData\Roaming\gdlauncher_carbon\data\instances\modpack\instance\mods}
[22:04:18] [main/INFO]: Found mod file EpheroLib-1.20.1-FORGE-1.2.0.jar of type MOD with provider {mods folder locator at C:\Users\KeksNino\AppData\Roaming\gdlauncher_carbon\data\instances\modpack\instance\mods}
[22:04:18] [main/INFO]: Found mod file evenmoreinstruments-1.20-1.20.1-6.1.3.jar of type MOD with provider {mods folder locator at C:\Users\KeksNino\AppData\Roaming\gdlauncher_carbon\data\instances\modpack\instance\mods}
[22:04:18] [main/INFO]: Found mod file ExplorersCompass-1.20.1-1.3.3-forge.jar of type MOD with provider {mods folder locator at C:\Users\KeksNino\AppData\Roaming\gdlauncher_carbon\data\instances\modpack\instance\mods}
[22:04:18] [main/INFO]: Found mod file ExtendedAE-1.20-1.2.1-forge.jar of type MOD with provider {mods folder locator at C:\Users\KeksNino\AppData\Roaming\gdlauncher_carbon\data\instances\modpack\instance\mods}
[22:04:18] [main/INFO]: Found mod file ExtraDisks-1.20.1-3.0.2.jar of type MOD with provider {mods folder locator at C:\Users\KeksNino\AppData\Roaming\gdlauncher_carbon\data\instances\modpack\instance\mods}
[22:04:18] [main/INFO]: Found mod file ExtraStorage-1.20.1-4.0.7.jar of type MOD with provider {mods folder locator at C:\Users\KeksNino\AppData\Roaming\gdlauncher_carbon\data\instances\modpack\instance\mods}
[22:04:18] [main/INFO]: Found mod file ExtremeReactors2-1.20.1-2.0.90.jar of type MOD with provider {mods folder locator at C:\Users\KeksNino\AppData\Roaming\gdlauncher_carbon\data\instances\modpack\instance\mods}
[22:04:18] [main/INFO]: Found mod file ExtremeSoundMuffler-3.48-forge-1.20.1.jar of type MOD with provider {mods folder locator at C:\Users\KeksNino\AppData\Roaming\gdlauncher_carbon\data\instances\modpack\instance\mods}
[22:04:18] [main/INFO]: Found mod file factory_blocks+forge-1.3.1.jar of type MOD with provider {mods folder locator at C:\Users\KeksNino\AppData\Roaming\gdlauncher_carbon\data\instances\modpack\instance\mods}
[22:04:18] [main/INFO]: Found mod file FarmersDelight-1.20.1-1.2.6.jar of type MOD with provider {mods folder locator at C:\Users\KeksNino\AppData\Roaming\gdlauncher_carbon\data\instances\modpack\instance\mods}
[22:04:18] [main/INFO]: Found mod file farsight-1.20.1-3.7.jar of type MOD with provider {mods folder locator at C:\Users\KeksNino\AppData\Roaming\gdlauncher_carbon\data\instances\modpack\instance\mods}
[22:04:18] [main/INFO]: Found mod file fastasyncworldsave-1.20.1-2.0.jar of type MOD with provider {mods folder locator at C:\Users\KeksNino\AppData\Roaming\gdlauncher_carbon\data\instances\modpack\instance\mods}
[22:04:18] [main/INFO]: Found mod file FastFurnace-1.20.1-8.0.2.jar of type MOD with provider {mods folder locator at C:\Users\KeksNino\AppData\Roaming\gdlauncher_carbon\data\instances\modpack\instance\mods}
[22:04:18] [main/INFO]: Found mod file FastLeafDecay-32.jar of type MOD with provider {mods folder locator at C:\Users\KeksNino\AppData\Roaming\gdlauncher_carbon\data\instances\modpack\instance\mods}
[22:04:18] [main/INFO]: Found mod file FastWorkbench-1.20.1-8.0.4.jar of type MOD with provider {mods folder locator at C:\Users\KeksNino\AppData\Roaming\gdlauncher_carbon\data\instances\modpack\instance\mods}
[22:04:18] [main/INFO]: Found mod file ferritecore-6.0.1-forge.jar of type MOD with provider {mods folder locator at C:\Users\KeksNino\AppData\Roaming\gdlauncher_carbon\data\instances\modpack\instance\mods}
[22:04:18] [main/INFO]: Found mod file findme-3.2.1-forge.jar of type MOD with provider {mods folder locator at C:\Users\KeksNino\AppData\Roaming\gdlauncher_carbon\data\instances\modpack\instance\mods}
[22:04:18] [main/INFO]: Found mod file flatbedrock-forge-3.0.1-build.18+mc1.20.1.jar of type MOD with provider {mods folder locator at C:\Users\KeksNino\AppData\Roaming\gdlauncher_carbon\data\instances\modpack\instance\mods}
[22:04:18] [main/INFO]: Found mod file flib-1.20.1-0.0.14.jar of type MOD with provider {mods folder locator at C:\Users\KeksNino\AppData\Roaming\gdlauncher_carbon\data\instances\modpack\instance\mods}
[22:04:18] [main/INFO]: Found mod file FluxNetworks-1.20.1-7.2.1.15.jar of type MOD with provider {mods folder locator at C:\Users\KeksNino\AppData\Roaming\gdlauncher_carbon\data\instances\modpack\instance\mods}
[22:04:18] [main/INFO]: Found mod file Fog-forge-1.5.3-1.20.1.jar of type MOD with provider {mods folder locator at C:\Users\KeksNino\AppData\Roaming\gdlauncher_carbon\data\instances\modpack\instance\mods}
[22:04:18] [main/INFO]: Found mod file ForgeEndertech-1.20.1-11.1.5.0-build.0890.jar of type MOD with provider {mods folder locator at C:\Users\KeksNino\AppData\Roaming\gdlauncher_carbon\data\instances\modpack\instance\mods}
[22:04:18] [main/INFO]: Found mod file FramedBlocks-9.3.1.jar of type MOD with provider {mods folder locator at C:\Users\KeksNino\AppData\Roaming\gdlauncher_carbon\data\instances\modpack\instance\mods}
[22:04:18] [main/INFO]: Found mod file framework-forge-1.20.1-0.7.12.jar of type MOD with provider {mods folder locator at C:\Users\KeksNino\AppData\Roaming\gdlauncher_carbon\data\instances\modpack\instance\mods}
[22:04:18] [main/INFO]: Found mod file freecam-forge-1.2.1+1.20.jar of type MOD with provider {mods folder locator at C:\Users\KeksNino\AppData\Roaming\gdlauncher_carbon\data\instances\modpack\instance\mods}
[22:04:18] [main/INFO]: Found mod file FriendlyFire-Forge-1.20.1-18.0.7.jar of type MOD with provider {mods folder locator at C:\Users\KeksNino\AppData\Roaming\gdlauncher_carbon\data\instances\modpack\instance\mods}
[22:04:18] [main/INFO]: Found mod file ftb-chunks-forge-2001.3.4.jar of type MOD with provider {mods folder locator at C:\Users\KeksNino\AppData\Roaming\gdlauncher_carbon\data\instances\modpack\instance\mods}
[22:04:18] [main/INFO]: Found mod file ftb-essentials-forge-2001.2.2.jar of type MOD with provider {mods folder locator at C:\Users\KeksNino\AppData\Roaming\gdlauncher_carbon\data\instances\modpack\instance\mods}
[22:04:18] [main/INFO]: Found mod file ftb-library-forge-2001.2.6.jar of type MOD with provider {mods folder locator at C:\Users\KeksNino\AppData\Roaming\gdlauncher_carbon\data\instances\modpack\instance\mods}
[22:04:18] [main/INFO]: Found mod file ftb-quests-forge-2001.4.9.jar of type MOD with provider {mods folder locator at C:\Users\KeksNino\AppData\Roaming\gdlauncher_carbon\data\instances\modpack\instance\mods}
[22:04:18] [main/INFO]: Found mod file ftb-teams-forge-2001.3.0.jar of type MOD with provider {mods folder locator at C:\Users\KeksNino\AppData\Roaming\gdlauncher_carbon\data\instances\modpack\instance\mods}
[22:04:18] [main/INFO]: Found mod file ftb-ultimine-forge-2001.1.5.jar of type MOD with provider {mods folder locator at C:\Users\KeksNino\AppData\Roaming\gdlauncher_carbon\data\instances\modpack\instance\mods}
[22:04:18] [main/INFO]: Found mod file ftb-xmod-compat-forge-2.1.1.jar of type MOD with provider {mods folder locator at C:\Users\KeksNino\AppData\Roaming\gdlauncher_carbon\data\instances\modpack\instance\mods}
[22:04:18] [main/INFO]: Found mod file fullbrightnesstoggle-1.20.1-4.2.jar of type MOD with provider {mods folder locator at C:\Users\KeksNino\AppData\Roaming\gdlauncher_carbon\data\instances\modpack\instance\mods}
[22:04:18] [main/INFO]: Found mod file functionalstorage-1.20.1-1.2.10.jar of type MOD with provider {mods folder locator at C:\Users\KeksNino\AppData\Roaming\gdlauncher_carbon\data\instances\modpack\instance\mods}
[22:04:18] [main/INFO]: Found mod file fusion-1.1.1-forge-mc1.20.1.jar of type MOD with provider {mods folder locator at C:\Users\KeksNino\AppData\Roaming\gdlauncher_carbon\data\instances\modpack\instance\mods}
[22:04:18] [main/INFO]: Found mod file fzzy_config-0.5.8+1.20.1+forge.jar of type MOD with provider {mods folder locator at C:\Users\KeksNino\AppData\Roaming\gdlauncher_carbon\data\instances\modpack\instance\mods}
[22:04:18] [main/INFO]: Found mod file gcyr-1.20.1-0.2.5.jar of type MOD with provider {mods folder locator at C:\Users\KeksNino\AppData\Roaming\gdlauncher_carbon\data\instances\modpack\instance\mods}
[22:04:18] [main/INFO]: Found mod file geckolib-forge-1.20.1-4.4.9.jar of type MOD with provider {mods folder locator at C:\Users\KeksNino\AppData\Roaming\gdlauncher_carbon\data\instances\modpack\instance\mods}
[22:04:18] [main/INFO]: Found mod file genshinstrument-1.20-1.20.1-4.0.2.jar of type MOD with provider {mods folder locator at C:\Users\KeksNino\AppData\Roaming\gdlauncher_carbon\data\instances\modpack\instance\mods}
[22:04:18] [main/INFO]: Found mod file glassential-renewed-forge-1.20.1-2.4.2.jar of type MOD with provider {mods folder locator at C:\Users\KeksNino\AppData\Roaming\gdlauncher_carbon\data\instances\modpack\instance\mods}
[22:04:18] [main/INFO]: Found mod file GlitchCore-forge-1.20.1-0.0.1.1.jar of type MOD with provider {mods folder locator at C:\Users\KeksNino\AppData\Roaming\gdlauncher_carbon\data\instances\modpack\instance\mods}
[22:04:18] [main/INFO]: Found mod file Glodium-1.20-1.5-forge.jar of type MOD with provider {mods folder locator at C:\Users\KeksNino\AppData\Roaming\gdlauncher_carbon\data\instances\modpack\instance\mods}
[22:04:18] [main/INFO]: Found mod file goblintraders-forge-1.20.1-1.9.3.jar of type MOD with provider {mods folder locator at C:\Users\KeksNino\AppData\Roaming\gdlauncher_carbon\data\instances\modpack\instance\mods}
[22:04:18] [main/INFO]: Found mod file gpumemleakfix-1.20.1-1.8.jar of type MOD with provider {mods folder locator at C:\Users\KeksNino\AppData\Roaming\gdlauncher_carbon\data\instances\modpack\instance\mods}
[22:04:18] [main/INFO]: Found mod file GravitationalModulatingAdditionalUnit-1.20.1-3.2.jar of type MOD with provider {mods folder locator at C:\Users\KeksNino\AppData\Roaming\gdlauncher_carbon\data\instances\modpack\instance\mods}
[22:04:18] [main/INFO]: Found mod file gtceu-1.20.1-1.5.4.jar of type MOD with provider {mods folder locator at C:\Users\KeksNino\AppData\Roaming\gdlauncher_carbon\data\instances\modpack\instance\mods}
[22:04:18] [main/INFO]: Found mod file handcrafted-forge-1.20.1-3.0.6.jar of type MOD with provider {mods folder locator at C:\Users\KeksNino\AppData\Roaming\gdlauncher_carbon\data\instances\modpack\instance\mods}
[22:04:18] [main/INFO]: Found mod file harvest-with-ease-forge-1.20.1-9.4.0.jar of type MOD with provider {mods folder locator at C:\Users\KeksNino\AppData\Roaming\gdlauncher_carbon\data\instances\modpack\instance\mods}
[22:04:18] [main/INFO]: Found mod file iceandfire-2.1.13-1.20.1-beta-5.jar of type MOD with provider {mods folder locator at C:\Users\KeksNino\AppData\Roaming\gdlauncher_carbon\data\instances\modpack\instance\mods}
[22:04:18] [main/INFO]: Found mod file ImmediatelyFast-Forge-1.3.3+1.20.4.jar of type MOD with provider {mods folder locator at C:\Users\KeksNino\AppData\Roaming\gdlauncher_carbon\data\instances\modpack\instance\mods}
[22:04:18] [main/INFO]: Found mod file industrial-foregoing-1.20.1-3.5.19.jar of type MOD with provider {mods folder locator at C:\Users\KeksNino\AppData\Roaming\gdlauncher_carbon\data\instances\modpack\instance\mods}
[22:04:18] [main/INFO]: Found mod file IntegratedCrafting-1.20.1-1.1.9.jar of type MOD with provider {mods folder locator at C:\Users\KeksNino\AppData\Roaming\gdlauncher_carbon\data\instances\modpack\instance\mods}
[22:04:18] [main/INFO]: Found mod file IntegratedDynamics-1.20.1-1.24.0.jar of type MOD with provider {mods folder locator at C:\Users\KeksNino\AppData\Roaming\gdlauncher_carbon\data\instances\modpack\instance\mods}
[22:04:18] [main/INFO]: Found mod file IntegratedTunnels-1.20.1-1.8.32.jar of type MOD with provider {mods folder locator at C:\Users\KeksNino\AppData\Roaming\gdlauncher_carbon\data\instances\modpack\instance\mods}
[22:04:18] [main/INFO]: Found mod file inventorysorter-1.20.1-23.0.1.jar of type MOD with provider {mods folder locator at C:\Users\KeksNino\AppData\Roaming\gdlauncher_carbon\data\instances\modpack\instance\mods}
[22:04:18] [main/INFO]: Found mod file Iron Fishing Rods 1.0.0 - 1.20.1.jar of type MOD with provider {mods folder locator at C:\Users\KeksNino\AppData\Roaming\gdlauncher_carbon\data\instances\modpack\instance\mods}
[22:04:18] [main/INFO]: Found mod file iron_ender_chests-1.20-1.0.3.jar of type MOD with provider {mods folder locator at C:\Users\KeksNino\AppData\Roaming\gdlauncher_carbon\data\instances\modpack\instance\mods}
[22:04:18] [main/INFO]: Found mod file ironfurnaces-1.20.1-4.1.6.jar of type MOD with provider {mods folder locator at C:\Users\KeksNino\AppData\Roaming\gdlauncher_carbon\data\instances\modpack\instance\mods}
[22:04:18] [main/INFO]: Found mod file IronJetpacks-1.20.1-7.0.7.jar of type MOD with provider {mods folder locator at C:\Users\KeksNino\AppData\Roaming\gdlauncher_carbon\data\instances\modpack\instance\mods}
[22:04:18] [main/INFO]: Found mod file irons_spellbooks-1.20.1-3.4.0.5.jar of type MOD with provider {mods folder locator at C:\Users\KeksNino\AppData\Roaming\gdlauncher_carbon\data\instances\modpack\instance\mods}
[22:04:18] [main/INFO]: Found mod file itemcollectors-1.1.10-forge-mc1.20.jar of type MOD with provider {mods folder locator at C:\Users\KeksNino\AppData\Roaming\gdlauncher_carbon\data\instances\modpack\instance\mods}
[22:04:18] [main/INFO]: Found mod file Jade-1.20.1-Forge-11.12.2.jar of type MOD with provider {mods folder locator at C:\Users\KeksNino\AppData\Roaming\gdlauncher_carbon\data\instances\modpack\instance\mods}
[22:04:18] [main/INFO]: Found mod file JadeAddons-1.20.1-Forge-5.3.1.jar of type MOD with provider {mods folder locator at C:\Users\KeksNino\AppData\Roaming\gdlauncher_carbon\data\instances\modpack\instance\mods}
[22:04:18] [main/INFO]: Found mod file jecalculation-forge-1.20.1-4.0.4.jar of type MOD with provider {mods folder locator at C:\Users\KeksNino\AppData\Roaming\gdlauncher_carbon\data\instances\modpack\instance\mods}
[22:04:18] [main/INFO]: Found mod file jei-1.20.1-forge-15.20.0.105.jar of type MOD with provider {mods folder locator at C:\Users\KeksNino\AppData\Roaming\gdlauncher_carbon\data\instances\modpack\instance\mods}
[22:04:18] [main/INFO]: Found mod file jeiintegration_1.20.1-10.0.0.jar of type MOD with provider {mods folder locator at C:\Users\KeksNino\AppData\Roaming\gdlauncher_carbon\data\instances\modpack\instance\mods}
[22:04:18] [main/INFO]: Found mod file journeymap-1.20.1-5.10.3-forge.jar of type MOD with provider {mods folder locator at C:\Users\KeksNino\AppData\Roaming\gdlauncher_carbon\data\instances\modpack\instance\mods}
[22:04:18] [main/INFO]: Found mod file jumbofurnace-1.20.1-4.0.0.5.jar of type MOD with provider {mods folder locator at C:\Users\KeksNino\AppData\Roaming\gdlauncher_carbon\data\instances\modpack\instance\mods}
[22:04:18] [main/INFO]: Found mod file jumpoverfences-forge-1.20.1-1.3.1.jar of type MOD with provider {mods folder locator at C:\Users\KeksNino\AppData\Roaming\gdlauncher_carbon\data\instances\modpack\instance\mods}
[22:04:18] [main/INFO]: Found mod file justenoughbreeding-forge-1.20.x-1.4.1.jar of type MOD with provider {mods folder locator at C:\Users\KeksNino\AppData\Roaming\gdlauncher_carbon\data\instances\modpack\instance\mods}
[22:04:18] [main/INFO]: Found mod file JustEnoughMekanismMultiblocks-1.20.1-4.6.jar of type MOD with provider {mods folder locator at C:\Users\KeksNino\AppData\Roaming\gdlauncher_carbon\data\instances\modpack\instance\mods}
[22:04:18] [main/INFO]: Found mod file K-Turrets-3.0.34-1.20.1.jar of type MOD with provider {mods folder locator at C:\Users\KeksNino\AppData\Roaming\gdlauncher_carbon\data\instances\modpack\instance\mods}
[22:04:18] [main/INFO]: Found mod file kotlinforforge-4.11.0-all.jar of type LIBRARY with provider {mods folder locator at C:\Users\KeksNino\AppData\Roaming\gdlauncher_carbon\data\instances\modpack\instance\mods}
[22:04:18] [main/INFO]: Found mod file kubejs-create-forge-2001.2.5-build.2.jar of type MOD with provider {mods folder locator at C:\Users\KeksNino\AppData\Roaming\gdlauncher_carbon\data\instances\modpack\instance\mods}
[22:04:18] [main/INFO]: Found mod file kubejs-forge-2001.6.5-build.16.jar of type MOD with provider {mods folder locator at C:\Users\KeksNino\AppData\Roaming\gdlauncher_carbon\data\instances\modpack\instance\mods}
[22:04:18] [main/INFO]: Found mod file L_Enders_Cataclysm-2.27 - 1.20.1.jar of type MOD with provider {mods folder locator at C:\Users\KeksNino\AppData\Roaming\gdlauncher_carbon\data\instances\modpack\instance\mods}
[22:04:18] [main/INFO]: Found mod file laserbridges-1.20.1-3-forge.jar of type MOD with provider {mods folder locator at C:\Users\KeksNino\AppData\Roaming\gdlauncher_carbon\data\instances\modpack\instance\mods}
[22:04:18] [main/INFO]: Found mod file laserio-1.6.8.jar of type MOD with provider {mods folder locator at C:\Users\KeksNino\AppData\Roaming\gdlauncher_carbon\data\instances\modpack\instance\mods}
[22:04:18] [main/INFO]: Found mod file lionfishapi-2.4-Fix.jar of type MOD with provider {mods folder locator at C:\Users\KeksNino\AppData\Roaming\gdlauncher_carbon\data\instances\modpack\instance\mods}
[22:04:18] [main/INFO]: Found mod file lithostitched-forge-1.20.1-1.3.9.jar of type MOD with provider {mods folder locator at C:\Users\KeksNino\AppData\Roaming\gdlauncher_carbon\data\instances\modpack\instance\mods}
[22:04:18] [main/INFO]: Found mod file Log-Begone-Forge-1.20.1-1.0.8.jar of type MOD with provider {mods folder locator at C:\Users\KeksNino\AppData\Roaming\gdlauncher_carbon\data\instances\modpack\instance\mods}
[22:04:18] [main/INFO]: Found mod file lootintegrations-1.20.1-3.7.jar of type MOD with provider {mods folder locator at C:\Users\KeksNino\AppData\Roaming\gdlauncher_carbon\data\instances\modpack\instance\mods}
[22:04:18] [main/INFO]: Found mod file lootr-forge-1.20-0.7.34.89.jar of type MOD with provider {mods folder locator at C:\Users\KeksNino\AppData\Roaming\gdlauncher_carbon\data\instances\modpack\instance\mods}
[22:04:18] [main/INFO]: Found mod file lostcities-1.20-7.3.5.jar of type MOD with provider {mods folder locator at C:\Users\KeksNino\AppData\Roaming\gdlauncher_carbon\data\instances\modpack\instance\mods}
[22:04:18] [main/INFO]: Found mod file mahoutsukai-1.20.1-v1.34.78.jar of type MOD with provider {mods folder locator at C:\Users\KeksNino\AppData\Roaming\gdlauncher_carbon\data\instances\modpack\instance\mods}
[22:04:18] [main/INFO]: Found mod file mcjtylib-1.20-8.0.6.jar of type MOD with provider {mods folder locator at C:\Users\KeksNino\AppData\Roaming\gdlauncher_carbon\data\instances\modpack\instance\mods}
[22:04:18] [main/INFO]: Found mod file mcw-bridges-3.0.0-mc1.20.1forge.jar of type MOD with provider {mods folder locator at C:\Users\KeksNino\AppData\Roaming\gdlauncher_carbon\data\instances\modpack\instance\mods}
[22:04:18] [main/INFO]: Found mod file mcw-doors-1.1.1forge-mc1.20.1.jar of type MOD with provider {mods folder locator at C:\Users\KeksNino\AppData\Roaming\gdlauncher_carbon\data\instances\modpack\instance\mods}
[22:04:18] [main/INFO]: Found mod file mcw-fences-1.1.2-mc1.20.1forge.jar of type MOD with provider {mods folder locator at C:\Users\KeksNino\AppData\Roaming\gdlauncher_carbon\data\instances\modpack\instance\mods}
[22:04:18] [main/INFO]: Found mod file mcw-furniture-3.3.0-mc1.20.1forge.jar of type MOD with provider {mods folder locator at C:\Users\KeksNino\AppData\Roaming\gdlauncher_carbon\data\instances\modpack\instance\mods}
[22:04:18] [main/INFO]: Found mod file mcw-paths-1.0.5-1.20.1forge.jar of type MOD with provider {mods folder locator at C:\Users\KeksNino\AppData\Roaming\gdlauncher_carbon\data\instances\modpack\instance\mods}
[22:04:18] [main/INFO]: Found mod file mcw-roofs-2.3.1-mc1.20.1forge.jar of type MOD with provider {mods folder locator at C:\Users\KeksNino\AppData\Roaming\gdlauncher_carbon\data\instances\modpack\instance\mods}
[22:04:18] [main/INFO]: Found mod file mcw-trapdoors-1.1.3-mc1.20.1forge.jar of type MOD with provider {mods folder locator at C:\Users\KeksNino\AppData\Roaming\gdlauncher_carbon\data\instances\modpack\instance\mods}
[22:04:18] [main/INFO]: Found mod file mcw-windows-2.3.0-mc1.20.1forge.jar of type MOD with provider {mods folder locator at C:\Users\KeksNino\AppData\Roaming\gdlauncher_carbon\data\instances\modpack\instance\mods}
[22:04:18] [main/INFO]: Found mod file megacells-forge-2.4.5-1.20.1.jar of type MOD with provider {mods folder locator at C:\Users\KeksNino\AppData\Roaming\gdlauncher_carbon\data\instances\modpack\instance\mods}
[22:04:18] [main/INFO]: Found mod file Mekanism-1.20.1-10.4.10.66.jar of type MOD with provider {mods folder locator at C:\Users\KeksNino\AppData\Roaming\gdlauncher_carbon\data\instances\modpack\instance\mods}
[22:04:18] [main/INFO]: Found mod file mekanism_lasers-1.0.10.jar of type MOD with provider {mods folder locator at C:\Users\KeksNino\AppData\Roaming\gdlauncher_carbon\data\instances\modpack\instance\mods}
[22:04:18] [main/INFO]: Found mod file MekanismAdditions-1.20.1-10.4.10.66.jar of type MOD with provider {mods folder locator at C:\Users\KeksNino\AppData\Roaming\gdlauncher_carbon\data\instances\modpack\instance\mods}
[22:04:18] [main/INFO]: Found mod file MekanismGenerators-1.20.1-10.4.10.66.jar of type MOD with provider {mods folder locator at C:\Users\KeksNino\AppData\Roaming\gdlauncher_carbon\data\instances\modpack\instance\mods}
[22:04:18] [main/INFO]: Found mod file MekanismTools-1.20.1-10.4.10.66.jar of type MOD with provider {mods folder locator at C:\Users\KeksNino\AppData\Roaming\gdlauncher_carbon\data\instances\modpack\instance\mods}
[22:04:18] [main/INFO]: Found mod file MekanismWeapons-1.20.1-1.5.jar of type MOD with provider {mods folder locator at C:\Users\KeksNino\AppData\Roaming\gdlauncher_carbon\data\instances\modpack\instance\mods}
[22:04:18] [main/INFO]: Found mod file merequester-forge-1.20.1-1.1.5.jar of type MOD with provider {mods folder locator at C:\Users\KeksNino\AppData\Roaming\gdlauncher_carbon\data\instances\modpack\instance\mods}
[22:04:18] [main/INFO]: Found mod file minicoal-1.20-1.0.0.jar of type MOD with provider {mods folder locator at C:\Users\KeksNino\AppData\Roaming\gdlauncher_carbon\data\instances\modpack\instance\mods}
[22:04:18] [main/INFO]: Found mod file mining-dimension-forge-1.20.1-1.1.0.jar of type MOD with provider {mods folder locator at C:\Users\KeksNino\AppData\Roaming\gdlauncher_carbon\data\instances\modpack\instance\mods}
[22:04:18] [main/INFO]: Found mod file mob_grinding_utils-1.20.1-1.1.0.jar of type MOD with provider {mods folder locator at C:\Users\KeksNino\AppData\Roaming\gdlauncher_carbon\data\instances\modpack\instance\mods}
[22:04:18] [main/INFO]: Found mod file modernfix-forge-5.19.5+mc1.20.1.jar of type MOD with provider {mods folder locator at C:\Users\KeksNino\AppData\Roaming\gdlauncher_carbon\data\instances\modpack\instance\mods}
[22:04:18] [main/INFO]: Found mod file modonomicon-1.20.1-forge-1.77.3.jar of type MOD with provider {mods folder locator at C:\Users\KeksNino\AppData\Roaming\gdlauncher_carbon\data\instances\modpack\instance\mods}
[22:04:18] [main/INFO]: Found mod file modular-routers-12.1.1+mc1.20.1.jar of type MOD with provider {mods folder locator at C:\Users\KeksNino\AppData\Roaming\gdlauncher_carbon\data\instances\modpack\instance\mods}
[22:04:18] [main/INFO]: Found mod file moonlight-1.20-2.13.37-forge.jar of type MOD with provider {mods folder locator at C:\Users\KeksNino\AppData\Roaming\gdlauncher_carbon\data\instances\modpack\instance\mods}
[22:04:18] [main/INFO]: Found mod file moredragoneggs-4.0.jar of type MOD with provider {mods folder locator at C:\Users\KeksNino\AppData\Roaming\gdlauncher_carbon\data\instances\modpack\instance\mods}
[22:04:18] [main/INFO]: Found mod file MouseTweaks-forge-mc1.20.1-2.25.1.jar of type MOD with provider {mods folder locator at C:\Users\KeksNino\AppData\Roaming\gdlauncher_carbon\data\instances\modpack\instance\mods}
[22:04:18] [main/INFO]: Found mod file movingelevators-1.4.10-forge-mc1.20.1.jar of type MOD with provider {mods folder locator at C:\Users\KeksNino\AppData\Roaming\gdlauncher_carbon\data\instances\modpack\instance\mods}
[22:04:18] [main/INFO]: Found mod file mowziesmobs-1.6.5.jar of type MOD with provider {mods folder locator at C:\Users\KeksNino\AppData\Roaming\gdlauncher_carbon\data\instances\modpack\instance\mods}
[22:04:18] [main/INFO]: Found mod file MRU-1.0.4+1.20.1+forge.jar of type MOD with provider {mods folder locator at C:\Users\KeksNino\AppData\Roaming\gdlauncher_carbon\data\instances\modpack\instance\mods}
[22:04:18] [main/INFO]: Found mod file MysticalAdaptations-1.20.1-1.0.1.jar of type MOD with provider {mods folder locator at C:\Users\KeksNino\AppData\Roaming\gdlauncher_carbon\data\instances\modpack\instance\mods}
[22:04:18] [main/INFO]: Found mod file MysticalAgradditions-1.20.1-7.0.6.jar of type MOD with provider {mods folder locator at C:\Users\KeksNino\AppData\Roaming\gdlauncher_carbon\data\instances\modpack\instance\mods}
[22:04:18] [main/INFO]: Found mod file MysticalAgriculture-1.20.1-7.0.14.jar of type MOD with provider {mods folder locator at C:\Users\KeksNino\AppData\Roaming\gdlauncher_carbon\data\instances\modpack\instance\mods}
[22:04:18] [main/INFO]: Found mod file MysticalCustomization-1.20.1-5.0.2.jar of type MOD with provider {mods folder locator at C:\Users\KeksNino\AppData\Roaming\gdlauncher_carbon\data\instances\modpack\instance\mods}
[22:04:18] [main/INFO]: Found mod file NaturesCompass-1.20.1-1.11.2-forge.jar of type MOD with provider {mods folder locator at C:\Users\KeksNino\AppData\Roaming\gdlauncher_carbon\data\instances\modpack\instance\mods}
[22:04:18] [main/INFO]: Found mod file Neat-1.20.1-41-FORGE.jar of type MOD with provider {mods folder locator at C:\Users\KeksNino\AppData\Roaming\gdlauncher_carbon\data\instances\modpack\instance\mods}
[22:04:18] [main/INFO]: Found mod file netherportalfix-forge-1.20-13.0.1.jar of type MOD with provider {mods folder locator at C:\Users\KeksNino\AppData\Roaming\gdlauncher_carbon\data\instances\modpack\instance\mods}
[22:04:18] [main/INFO]: Found mod file NoChatReports-FORGE-1.20.1-v2.2.2.jar of type MOD with provider {mods folder locator at C:\Users\KeksNino\AppData\Roaming\gdlauncher_carbon\data\instances\modpack\instance\mods}
[22:04:18] [main/INFO]: Found mod file NuclearCraft-1.20.1-1.1.1.jar of type MOD with provider {mods folder locator at C:\Users\KeksNino\AppData\Roaming\gdlauncher_carbon\data\instances\modpack\instance\mods}
[22:04:18] [main/INFO]: Found mod file Nullscape_1.20.x_v1.2.8.jar of type MOD with provider {mods folder locator at C:\Users\KeksNino\AppData\Roaming\gdlauncher_carbon\data\instances\modpack\instance\mods}
[22:04:18] [main/INFO]: Found mod file occultism-1.20.1-1.140.2.jar of type MOD with provider {mods folder locator at C:\Users\KeksNino\AppData\Roaming\gdlauncher_carbon\data\instances\modpack\instance\mods}
[22:04:18] [main/INFO]: Found mod file Oh-The-Biomes-Weve-Gone-Forge-1.4.4.jar of type MOD with provider {mods folder locator at C:\Users\KeksNino\AppData\Roaming\gdlauncher_carbon\data\instances\modpack\instance\mods}
[22:04:18] [main/INFO]: Found mod file Oh-The-Trees-Youll-Grow-forge-1.20.1-1.3.1.jar of type MOD with provider {mods folder locator at C:\Users\KeksNino\AppData\Roaming\gdlauncher_carbon\data\instances\modpack\instance\mods}
[22:04:18] [main/INFO]: Found mod file OverflowingBars-v8.0.1-1.20.1-Forge.jar of type MOD with provider {mods folder locator at C:\Users\KeksNino\AppData\Roaming\gdlauncher_carbon\data\instances\modpack\instance\mods}
[22:04:18] [main/INFO]: Found mod file overloadedarmorbar-1.20.1-1.jar of type MOD with provider {mods folder locator at C:\Users\KeksNino\AppData\Roaming\gdlauncher_carbon\data\instances\modpack\instance\mods}
[22:04:18] [main/INFO]: Found mod file PackagedAuto-1.20.1-3.4.9.28.jar of type MOD with provider {mods folder locator at C:\Users\KeksNino\AppData\Roaming\gdlauncher_carbon\data\instances\modpack\instance\mods}
[22:04:18] [main/INFO]: Found mod file PackagedDraconic-1.20.1-3.1.1.4.jar of type MOD with provider {mods folder locator at C:\Users\KeksNino\AppData\Roaming\gdlauncher_carbon\data\instances\modpack\instance\mods}
[22:04:18] [main/INFO]: Found mod file Paraglider-forge-20.1.3.jar of type MOD with provider {mods folder locator at C:\Users\KeksNino\AppData\Roaming\gdlauncher_carbon\data\instances\modpack\instance\mods}
[22:04:18] [main/INFO]: Found mod file Patchouli-1.20.1-84-FORGE.jar of type MOD with provider {mods folder locator at C:\Users\KeksNino\AppData\Roaming\gdlauncher_carbon\data\instances\modpack\instance\mods}
[22:04:18] [main/INFO]: Found mod file PigPen-Forge-1.20.1-15.0.2.jar of type MOD with provider {mods folder locator at C:\Users\KeksNino\AppData\Roaming\gdlauncher_carbon\data\instances\modpack\instance\mods}
[22:04:18] [main/INFO]: Found mod file pipez-forge-1.20.1-1.2.16.jar of type MOD with provider {mods folder locator at C:\Users\KeksNino\AppData\Roaming\gdlauncher_carbon\data\instances\modpack\instance\mods}
[22:04:18] [main/INFO]: Found mod file Placebo-1.20.1-8.6.2.jar of type MOD with provider {mods folder locator at C:\Users\KeksNino\AppData\Roaming\gdlauncher_carbon\data\instances\modpack\instance\mods}
[22:04:18] [main/INFO]: Found mod file player-animation-lib-forge-1.0.2-rc1+1.20.jar of type MOD with provider {mods folder locator at C:\Users\KeksNino\AppData\Roaming\gdlauncher_carbon\data\instances\modpack\instance\mods}
[22:04:18] [main/INFO]: Found mod file pneumaticcraft-repressurized-6.0.18+mc1.20.1.jar of type MOD with provider {mods folder locator at C:\Users\KeksNino\AppData\Roaming\gdlauncher_carbon\data\instances\modpack\instance\mods}
[22:04:18] [main/INFO]: Found mod file polyeng-forge-0.1.1-1.20.1.jar of type MOD with provider {mods folder locator at C:\Users\KeksNino\AppData\Roaming\gdlauncher_carbon\data\instances\modpack\instance\mods}
[22:04:18] [main/INFO]: Found mod file polymorph-forge-0.49.5+1.20.1.jar of type MOD with provider {mods folder locator at C:\Users\KeksNino\AppData\Roaming\gdlauncher_carbon\data\instances\modpack\instance\mods}
[22:04:18] [main/INFO]: Found mod file Powah-5.0.7.jar of type MOD with provider {mods folder locator at C:\Users\KeksNino\AppData\Roaming\gdlauncher_carbon\data\instances\modpack\instance\mods}
[22:04:18] [main/INFO]: Found mod file productivebees-1.20.1-12.6.0.jar of type MOD with provider {mods folder locator at C:\Users\KeksNino\AppData\Roaming\gdlauncher_carbon\data\instances\modpack\instance\mods}
[22:04:18] [main/INFO]: Found mod file pylons-1.20.1-4.2.1.jar of type MOD with provider {mods folder locator at C:\Users\KeksNino\AppData\Roaming\gdlauncher_carbon\data\instances\modpack\instance\mods}
[22:04:18] [main/INFO]: Found mod file Quark-4.0-460.jar of type MOD with provider {mods folder locator at C:\Users\KeksNino\AppData\Roaming\gdlauncher_carbon\data\instances\modpack\instance\mods}
[22:04:18] [main/INFO]: Found mod file rangedpumps-1.1.0.jar of type MOD with provider {mods folder locator at C:\Users\KeksNino\AppData\Roaming\gdlauncher_carbon\data\instances\modpack\instance\mods}
[22:04:18] [main/INFO]: Found mod file rechiseled-1.1.6-forge-mc1.20.jar of type MOD with provider {mods folder locator at C:\Users\KeksNino\AppData\Roaming\gdlauncher_carbon\data\instances\modpack\instance\mods}
[22:04:18] [main/INFO]: Found mod file redstone_arsenal-1.20.1-8.0.1.24.jar of type MOD with provider {mods folder locator at C:\Users\KeksNino\AppData\Roaming\gdlauncher_carbon\data\instances\modpack\instance\mods}
[22:04:18] [main/INFO]: Found mod file refinedpolymorph-0.1.1-1.20.1.jar of type MOD with provider {mods folder locator at C:\Users\KeksNino\AppData\Roaming\gdlauncher_carbon\data\instances\modpack\instance\mods}
[22:04:18] [main/INFO]: Found mod file refinedstorage-1.12.4.jar of type MOD with provider {mods folder locator at C:\Users\KeksNino\AppData\Roaming\gdlauncher_carbon\data\instances\modpack\instance\mods}
[22:04:18] [main/INFO]: Found mod file refinedstorageaddons-0.10.0.jar of type MOD with provider {mods folder locator at C:\Users\KeksNino\AppData\Roaming\gdlauncher_carbon\data\instances\modpack\instance\mods}
[22:04:18] [main/INFO]: Found mod file reliquary-1.20.1-2.0.45.1248.jar of type MOD with provider {mods folder locator at C:\Users\KeksNino\AppData\Roaming\gdlauncher_carbon\data\instances\modpack\instance\mods}
[22:04:18] [main/INFO]: Found mod file repurposed_structures-7.1.15+1.20.1-forge.jar of type MOD with provider {mods folder locator at C:\Users\KeksNino\AppData\Roaming\gdlauncher_carbon\data\instances\modpack\instance\mods}
[22:04:18] [main/INFO]: Found mod file resourcefulconfig-forge-1.20.1-2.1.2.jar of type MOD with provider {mods folder locator at C:\Users\KeksNino\AppData\Roaming\gdlauncher_carbon\data\instances\modpack\instance\mods}
[22:04:18] [main/INFO]: Found mod file resourcefullib-forge-1.20.1-2.1.29.jar of type MOD with provider {mods folder locator at C:\Users\KeksNino\AppData\Roaming\gdlauncher_carbon\data\instances\modpack\instance\mods}
[22:04:18] [main/INFO]: Found mod file rftoolsbase-1.20-5.0.5.jar of type MOD with provider {mods folder locator at C:\Users\KeksNino\AppData\Roaming\gdlauncher_carbon\data\instances\modpack\instance\mods}
[22:04:18] [main/INFO]: Found mod file rftoolsbuilder-1.20-6.0.8.jar of type MOD with provider {mods folder locator at C:\Users\KeksNino\AppData\Roaming\gdlauncher_carbon\data\instances\modpack\instance\mods}
[22:04:18] [main/INFO]: Found mod file rftoolsutility-1.20-6.0.6.jar of type MOD with provider {mods folder locator at C:\Users\KeksNino\AppData\Roaming\gdlauncher_carbon\data\instances\modpack\instance\mods}
[22:04:18] [main/INFO]: Found mod file rhino-forge-2001.2.3-build.6.jar of type MOD with provider {mods folder locator at C:\Users\KeksNino\AppData\Roaming\gdlauncher_carbon\data\instances\modpack\instance\mods}
[22:04:18] [main/INFO]: Found mod file right-click-harvest-3.2.3+1.20.1-forge.jar of type MOD with provider {mods folder locator at C:\Users\KeksNino\AppData\Roaming\gdlauncher_carbon\data\instances\modpack\instance\mods}
[22:04:18] [main/INFO]: Found mod file RSInfinityBooster-1.20.1-1.0+41.jar of type MOD with provider {mods folder locator at C:\Users\KeksNino\AppData\Roaming\gdlauncher_carbon\data\instances\modpack\instance\mods}
[22:04:18] [main/INFO]: Found mod file rsinsertexportupgrade-1.20.1-1.4.0.jar of type MOD with provider {mods folder locator at C:\Users\KeksNino\AppData\Roaming\gdlauncher_carbon\data\instances\modpack\instance\mods}
[22:04:18] [main/INFO]: Found mod file rsrequestify-1.20.1-2.3.3.jar of type MOD with provider {mods folder locator at C:\Users\KeksNino\AppData\Roaming\gdlauncher_carbon\data\instances\modpack\instance\mods}
[22:04:18] [main/INFO]: Found mod file rubidium-extra-0.5.4.3+mc1.20.1-build.121.jar of type MOD with provider {mods folder locator at C:\Users\KeksNino\AppData\Roaming\gdlauncher_carbon\data\instances\modpack\instance\mods}
[22:04:18] [main/INFO]: Found mod file Runelic-Forge-1.20.1-18.0.2.jar of type MOD with provider {mods folder locator at C:\Users\KeksNino\AppData\Roaming\gdlauncher_carbon\data\instances\modpack\instance\mods}
[22:04:18] [main/INFO]: Found mod file Satako-7.0.16-1.20.1.jar of type MOD with provider {mods folder locator at C:\Users\KeksNino\AppData\Roaming\gdlauncher_carbon\data\instances\modpack\instance\mods}
[22:04:18] [main/INFO]: Found mod file ScalableCatsForce-3.3.1-build-0-with-library.jar of type LANGPROVIDER with provider {mods folder locator at C:\Users\KeksNino\AppData\Roaming\gdlauncher_carbon\data\instances\modpack\instance\mods}
[22:04:18] [main/INFO]: Found mod file Searchables-forge-1.20.1-1.0.3.jar of type MOD with provider {mods folder locator at C:\Users\KeksNino\AppData\Roaming\gdlauncher_carbon\data\instances\modpack\instance\mods}
[22:04:18] [main/INFO]: Found mod file servercore-forge-1.5.2+1.20.1.jar of type MOD with provider {mods folder locator at C:\Users\KeksNino\AppData\Roaming\gdlauncher_carbon\data\instances\modpack\instance\mods}
[22:04:18] [main/INFO]: Found mod file shetiphiancore-forge-1.20.1-1.4.jar of type MOD with provider {mods folder locator at C:\Users\KeksNino\AppData\Roaming\gdlauncher_carbon\data\instances\modpack\instance\mods}
[22:04:18] [main/INFO]: Found mod file simplemagnets-1.1.12-forge-mc1.20.1.jar of type MOD with provider {mods folder locator at C:\Users\KeksNino\AppData\Roaming\gdlauncher_carbon\data\instances\modpack\instance\mods}
[22:04:18] [main/INFO]: Found mod file simpleplanes-1.20.1-5.3.3.jar of type MOD with provider {mods folder locator at C:\Users\KeksNino\AppData\Roaming\gdlauncher_carbon\data\instances\modpack\instance\mods}
[22:04:18] [main/INFO]: Found mod file SimpleStorageNetwork-1.20.1-1.11.3.jar of type MOD with provider {mods folder locator at C:\Users\KeksNino\AppData\Roaming\gdlauncher_carbon\data\instances\modpack\instance\mods}
[22:04:18] [main/INFO]: Found mod file simplylight-1.20.1-1.4.6-build.50.jar of type MOD with provider {mods folder locator at C:\Users\KeksNino\AppData\Roaming\gdlauncher_carbon\data\instances\modpack\instance\mods}
[22:04:18] [main/INFO]: Found mod file skinlayers3d-forge-1.7.4-mc1.20.1.jar of type MOD with provider {mods folder locator at C:\Users\KeksNino\AppData\Roaming\gdlauncher_carbon\data\instances\modpack\instance\mods}
[22:04:18] [main/INFO]: Found mod file smallships-forge-1.20.1-2.0.0-b1.4.jar of type MOD with provider {mods folder locator at C:\Users\KeksNino\AppData\Roaming\gdlauncher_carbon\data\instances\modpack\instance\mods}
[22:04:18] [main/INFO]: Found mod file SmartBrainLib-forge-1.20.1-1.15.jar of type MOD with provider {mods folder locator at C:\Users\KeksNino\AppData\Roaming\gdlauncher_carbon\data\instances\modpack\instance\mods}
[22:04:18] [main/INFO]: Found mod file sodiumextras-forge-1.0.6-1.20.1.jar of type MOD with provider {mods folder locator at C:\Users\KeksNino\AppData\Roaming\gdlauncher_carbon\data\instances\modpack\instance\mods}
[22:04:18] [main/INFO]: Found mod file sodiumoptionsapi-forge-1.0.8-1.20.1.jar of type MOD with provider {mods folder locator at C:\Users\KeksNino\AppData\Roaming\gdlauncher_carbon\data\instances\modpack\instance\mods}
[22:04:18] [main/INFO]: Found mod file sophisticatedbackpacks-1.20.1-3.20.17.1150.jar of type MOD with provider {mods folder locator at C:\Users\KeksNino\AppData\Roaming\gdlauncher_carbon\data\instances\modpack\instance\mods}
[22:04:18] [main/INFO]: Found mod file sophisticatedcore-1.20.1-0.7.12.805.jar of type MOD with provider {mods folder locator at C:\Users\KeksNino\AppData\Roaming\gdlauncher_carbon\data\instances\modpack\instance\mods}
[22:04:18] [main/INFO]: Found mod file sophisticatedstorage-1.20.1-0.11.3.977.jar of type MOD with provider {mods folder locator at C:\Users\KeksNino\AppData\Roaming\gdlauncher_carbon\data\instances\modpack\instance\mods}
[22:04:18] [main/INFO]: Found mod file spark-1.10.53-forge.jar of type MOD with provider {mods folder locator at C:\Users\KeksNino\AppData\Roaming\gdlauncher_carbon\data\instances\modpack\instance\mods}
[22:04:18] [main/INFO]: Found mod file Steam_Rails-1.6.7+forge-mc1.20.1.jar of type MOD with provider {mods folder locator at C:\Users\KeksNino\AppData\Roaming\gdlauncher_carbon\data\instances\modpack\instance\mods}
[22:04:18] [main/INFO]: Found mod file StorageDrawers-1.20.1-12.9.12.jar of type MOD with provider {mods folder locator at C:\Users\KeksNino\AppData\Roaming\gdlauncher_carbon\data\instances\modpack\instance\mods}
[22:04:18] [main/INFO]: Found mod file Structory_1.20.x_v1.3.5.jar of type MOD with provider {mods folder locator at C:\Users\KeksNino\AppData\Roaming\gdlauncher_carbon\data\instances\modpack\instance\mods}
[22:04:18] [main/INFO]: Found mod file Structory_Towers_1.20.x_v1.0.7.jar of type MOD with provider {mods folder locator at C:\Users\KeksNino\AppData\Roaming\gdlauncher_carbon\data\instances\modpack\instance\mods}
[22:04:18] [main/INFO]: Found mod file structure_gel-1.20.1-2.16.2.jar of type MOD with provider {mods folder locator at C:\Users\KeksNino\AppData\Roaming\gdlauncher_carbon\data\instances\modpack\instance\mods}
[22:04:18] [main/INFO]: Found mod file structureessentials-1.20.1-3.4.jar of type MOD with provider {mods folder locator at C:\Users\KeksNino\AppData\Roaming\gdlauncher_carbon\data\instances\modpack\instance\mods}
[22:04:18] [main/INFO]: Found mod file supermartijn642configlib-1.1.8-forge-mc1.20.jar of type MOD with provider {mods folder locator at C:\Users\KeksNino\AppData\Roaming\gdlauncher_carbon\data\instances\modpack\instance\mods}
[22:04:18] [main/INFO]: Found mod file supermartijn642corelib-1.1.17a-forge-mc1.20.1.jar of type MOD with provider {mods folder locator at C:\Users\KeksNino\AppData\Roaming\gdlauncher_carbon\data\instances\modpack\instance\mods}
[22:04:18] [main/INFO]: Found mod file supplementaries-1.20-3.1.11.jar of type MOD with provider {mods folder locator at C:\Users\KeksNino\AppData\Roaming\gdlauncher_carbon\data\instances\modpack\instance\mods}
[22:04:18] [main/INFO]: Found mod file suppsquared-1.20-1.1.18.jar of type MOD with provider {mods folder locator at C:\Users\KeksNino\AppData\Roaming\gdlauncher_carbon\data\instances\modpack\instance\mods}
[22:04:18] [main/INFO]: Found mod file sworddisplay-1.20.1-1.0.0.jar of type MOD with provider {mods folder locator at C:\Users\KeksNino\AppData\Roaming\gdlauncher_carbon\data\instances\modpack\instance\mods}
[22:04:18] [main/INFO]: Found mod file tacz-1.20.1-1.0.3-all.jar of type MOD with provider {mods folder locator at C:\Users\KeksNino\AppData\Roaming\gdlauncher_carbon\data\instances\modpack\instance\mods}
[22:04:18] [main/INFO]: Found mod file tectonic-forge-1.20.1-2.4.1.jar of type MOD with provider {mods folder locator at C:\Users\KeksNino\AppData\Roaming\gdlauncher_carbon\data\instances\modpack\instance\mods}
[22:04:18] [main/INFO]: Found mod file TerraBlender-forge-1.20.1-3.0.1.7.jar of type MOD with provider {mods folder locator at C:\Users\KeksNino\AppData\Roaming\gdlauncher_carbon\data\instances\modpack\instance\mods}
[22:04:18] [main/INFO]: Found mod file time-in-a-bottle-4.0.4-mc1.20.1.jar of type MOD with provider {mods folder locator at C:\Users\KeksNino\AppData\Roaming\gdlauncher_carbon\data\instances\modpack\instance\mods}
[22:04:18] [main/INFO]: Found mod file titanium-1.20.1-3.8.32.jar of type MOD with provider {mods folder locator at C:\Users\KeksNino\AppData\Roaming\gdlauncher_carbon\data\instances\modpack\instance\mods}
[22:04:18] [main/INFO]: Found mod file ToastControl-1.20.1-8.0.3.jar of type MOD with provider {mods folder locator at C:\Users\KeksNino\AppData\Roaming\gdlauncher_carbon\data\instances\modpack\instance\mods}
[22:04:18] [main/INFO]: Found mod file torchmaster-20.1.9.jar of type MOD with provider {mods folder locator at C:\Users\KeksNino\AppData\Roaming\gdlauncher_carbon\data\instances\modpack\instance\mods}
[22:04:18] [main/INFO]: Found mod file trackwork-1.20.1-1.0.2c.jar of type MOD with provider {mods folder locator at C:\Users\KeksNino\AppData\Roaming\gdlauncher_carbon\data\instances\modpack\instance\mods}
[22:04:18] [main/INFO]: Found mod file trashcans-1.0.18b-forge-mc1.20.jar of type MOD with provider {mods folder locator at C:\Users\KeksNino\AppData\Roaming\gdlauncher_carbon\data\instances\modpack\instance\mods}
[22:04:18] [main/INFO]: Found mod file trashslot-forge-1.20-15.1.0.jar of type MOD with provider {mods folder locator at C:\Users\KeksNino\AppData\Roaming\gdlauncher_carbon\data\instances\modpack\instance\mods}
[22:04:18] [main/INFO]: Found mod file Trials-2.3.2.jar of type MOD with provider {mods folder locator at C:\Users\KeksNino\AppData\Roaming\gdlauncher_carbon\data\instances\modpack\instance\mods}
[22:04:18] [main/INFO]: Found mod file Twigs-1.20.1-3.1.0.jar of type MOD with provider {mods folder locator at C:\Users\KeksNino\AppData\Roaming\gdlauncher_carbon\data\instances\modpack\instance\mods}
[22:04:18] [main/INFO]: Found mod file twilightforest-1.20.1-4.3.2508-universal.jar of type MOD with provider {mods folder locator at C:\Users\KeksNino\AppData\Roaming\gdlauncher_carbon\data\instances\modpack\instance\mods}
[22:04:18] [main/INFO]: Found mod file underground_village-1.5.2.jar of type MOD with provider {mods folder locator at C:\Users\KeksNino\AppData\Roaming\gdlauncher_carbon\data\instances\modpack\instance\mods}
[22:04:18] [main/INFO]: Found mod file universalgrid-1.20.1-1.1.jar of type MOD with provider {mods folder locator at C:\Users\KeksNino\AppData\Roaming\gdlauncher_carbon\data\instances\modpack\instance\mods}
[22:04:18] [main/INFO]: Found mod file valkyrienskies-120-2.3.0-beta.5.jar of type MOD with provider {mods folder locator at C:\Users\KeksNino\AppData\Roaming\gdlauncher_carbon\data\instances\modpack\instance\mods}
[22:04:18] [main/INFO]: Found mod file vintageimprovements-1.20.1-0.2.0.3.jar of type MOD with provider {mods folder locator at C:\Users\KeksNino\AppData\Roaming\gdlauncher_carbon\data\instances\modpack\instance\mods}
[22:04:18] [main/INFO]: Found mod file waystones-forge-1.20-14.1.6.jar of type MOD with provider {mods folder locator at C:\Users\KeksNino\AppData\Roaming\gdlauncher_carbon\data\instances\modpack\instance\mods}
[22:04:18] [main/INFO]: Found mod file XaerosWorldMap_1.39.0_Forge_1.20.jar of type MOD with provider {mods folder locator at C:\Users\KeksNino\AppData\Roaming\gdlauncher_carbon\data\instances\modpack\instance\mods}
[22:04:18] [main/INFO]: Found mod file YeetusExperimentus-Forge-2.3.1-build.6+mc1.20.1.jar of type MOD with provider {mods folder locator at C:\Users\KeksNino\AppData\Roaming\gdlauncher_carbon\data\instances\modpack\instance\mods}
[22:04:18] [main/INFO]: Found mod file YetAnotherConfigLib-3.6.2+1.20.1-forge.jar of type MOD with provider {mods folder locator at C:\Users\KeksNino\AppData\Roaming\gdlauncher_carbon\data\instances\modpack\instance\mods}
[22:04:18] [main/INFO]: Found mod file ZeroCore2-1.20.1-2.1.47.jar of type MOD with provider {mods folder locator at C:\Users\KeksNino\AppData\Roaming\gdlauncher_carbon\data\instances\modpack\instance\mods}
[22:04:18] [main/INFO]: Found mod file Zeta-1.0-24.jar of type MOD with provider {mods folder locator at C:\Users\KeksNino\AppData\Roaming\gdlauncher_carbon\data\instances\modpack\instance\mods}
[22:04:18] [main/WARN]: Mod file C:\Users\KeksNino\AppData\Roaming\gdlauncher_carbon\data\libraries\net\minecraftforge\fmlcore\1.20.1-47.3.12\fmlcore-1.20.1-47.3.12.jar is missing mods.toml file
[22:04:18] [main/WARN]: Mod file C:\Users\KeksNino\AppData\Roaming\gdlauncher_carbon\data\libraries\net\minecraftforge\javafmllanguage\1.20.1-47.3.12\javafmllanguage-1.20.1-47.3.12.jar is missing mods.toml file
[22:04:18] [main/WARN]: Mod file C:\Users\KeksNino\AppData\Roaming\gdlauncher_carbon\data\libraries\net\minecraftforge\lowcodelanguage\1.20.1-47.3.12\lowcodelanguage-1.20.1-47.3.12.jar is missing mods.toml file
[22:04:18] [main/WARN]: Mod file C:\Users\KeksNino\AppData\Roaming\gdlauncher_carbon\data\libraries\net\minecraftforge\mclanguage\1.20.1-47.3.12\mclanguage-1.20.1-47.3.12.jar is missing mods.toml file
[22:04:18] [main/INFO]: Found mod file fmlcore-1.20.1-47.3.12.jar of type LIBRARY with provider net.minecraftforge.fml.loading.moddiscovery.MinecraftLocator@18b8d173
[22:04:18] [main/INFO]: Found mod file javafmllanguage-1.20.1-47.3.12.jar of type LANGPROVIDER with provider net.minecraftforge.fml.loading.moddiscovery.MinecraftLocator@18b8d173
[22:04:18] [main/INFO]: Found mod file lowcodelanguage-1.20.1-47.3.12.jar of type LANGPROVIDER with provider net.minecraftforge.fml.loading.moddiscovery.MinecraftLocator@18b8d173
[22:04:18] [main/INFO]: Found mod file mclanguage-1.20.1-47.3.12.jar of type LANGPROVIDER with provider net.minecraftforge.fml.loading.moddiscovery.MinecraftLocator@18b8d173
[22:04:18] [main/INFO]: Found mod file client-1.20.1-20230612.114412-srg.jar of type MOD with provider net.minecraftforge.fml.loading.moddiscovery.MinecraftLocator@18b8d173
[22:04:18] [main/INFO]: Found mod file forge-1.20.1-47.3.12-universal.jar of type MOD with provider net.minecraftforge.fml.loading.moddiscovery.MinecraftLocator@18b8d173
[22:04:19] [main/WARN]: Attempted to select two dependency jars from JarJar which have the same identification: Mod File:  and Mod File: . Using Mod File: 
[22:04:19] [main/WARN]: Attempted to select two dependency jars from JarJar which have the same identification: Mod File:  and Mod File: . Using Mod File: 
[22:04:19] [main/WARN]: Attempted to select two dependency jars from JarJar which have the same identification: Mod File:  and Mod File: . Using Mod File: 
[22:04:19] [main/WARN]: Attempted to select a dependency jar for JarJar which was passed in as source: geckolib. Using Mod File: C:\Users\KeksNino\AppData\Roaming\gdlauncher_carbon\data\instances\modpack\instance\mods\geckolib-forge-1.20.1-4.4.9.jar
[22:04:19] [main/WARN]: Attempted to select a dependency jar for JarJar which was passed in as source: cloth_config. Using Mod File: C:\Users\KeksNino\AppData\Roaming\gdlauncher_carbon\data\instances\modpack\instance\mods\cloth-config-11.1.136-forge.jar
[22:04:19] [main/INFO]: Found 81 dependencies adding them to mods collection
[22:04:19] [main/INFO]: Found mod file NanoLiveConfig-1.2.0.jar of type GAMELIBRARY with provider net.minecraftforge.fml.loading.moddiscovery.JarInJarDependencyLocator@68b11545
[22:04:19] [main/INFO]: Found mod file GraphLib3-3.0.7.jar of type GAMELIBRARY with provider net.minecraftforge.fml.loading.moddiscovery.JarInJarDependencyLocator@68b11545
[22:04:19] [main/INFO]: Found mod file kuma-api-forge-20.1.8+1.20.1.jar of type MOD with provider net.minecraftforge.fml.loading.moddiscovery.JarInJarDependencyLocator@68b11545
[22:04:19] [main/INFO]: Found mod file caffeine-3.1.8.jar of type GAMELIBRARY with provider net.minecraftforge.fml.loading.moddiscovery.JarInJarDependencyLocator@68b11545
[22:04:19] [main/INFO]: Found mod file joml-primitives-1.10.0.jar of type GAMELIBRARY with provider net.minecraftforge.fml.loading.moddiscovery.JarInJarDependencyLocator@68b11545
[22:04:19] [main/INFO]: Found mod file jackson-module-parameter-names-2.14.0.jar of type GAMELIBRARY with provider net.minecraftforge.fml.loading.moddiscovery.JarInJarDependencyLocator@68b11545
[22:04:19] [main/INFO]: Found mod file dazzleconf-core-1.3.0-M2.jar of type GAMELIBRARY with provider net.minecraftforge.fml.loading.moddiscovery.JarInJarDependencyLocator@68b11545
[22:04:19] [main/INFO]: Found mod file scena-forge-1.0.103.jar of type GAMELIBRARY with provider net.minecraftforge.fml.loading.moddiscovery.JarInJarDependencyLocator@68b11545
[22:04:19] [main/INFO]: Found mod file kfflang-4.11.0.jar of type LANGPROVIDER with provider net.minecraftforge.fml.loading.moddiscovery.JarInJarDependencyLocator@68b11545
[22:04:19] [main/INFO]: Found mod file gson-0.1.5.jar of type GAMELIBRARY with provider net.minecraftforge.fml.loading.moddiscovery.JarInJarDependencyLocator@68b11545
[22:04:19] [main/INFO]: Found mod file zjsonpatch-0.4.11.jar of type GAMELIBRARY with provider net.minecraftforge.fml.loading.moddiscovery.JarInJarDependencyLocator@68b11545
[22:04:19] [main/INFO]: Found mod file productivelib-1.20.1-0.0.4.jar of type MOD with provider net.minecraftforge.fml.loading.moddiscovery.JarInJarDependencyLocator@68b11545
[22:04:19] [main/INFO]: Found mod file netty-0.1.4.jar of type GAMELIBRARY with provider net.minecraftforge.fml.loading.moddiscovery.JarInJarDependencyLocator@68b11545
[22:04:19] [main/INFO]: Found mod file imageio-webp-3.12.0.jar of type GAMELIBRARY with provider net.minecraftforge.fml.loading.moddiscovery.JarInJarDependencyLocator@68b11545
[22:04:19] [main/INFO]: Found mod file util-1.1.0+b19b27c4a4.jar of type GAMELIBRARY with provider net.minecraftforge.fml.loading.moddiscovery.JarInJarDependencyLocator@68b11545
[22:04:19] [main/INFO]: Found mod file jackson-annotations-2.14.0.jar of type GAMELIBRARY with provider net.minecraftforge.fml.loading.moddiscovery.JarInJarDependencyLocator@68b11545
[22:04:19] [main/INFO]: Found mod file jackson-module-kotlin-2.14.0-rubyfork.jar of type GAMELIBRARY with provider net.minecraftforge.fml.loading.moddiscovery.JarInJarDependencyLocator@68b11545
[22:04:19] [main/INFO]: Found mod file mclib-20.jar of type GAMELIBRARY with provider net.minecraftforge.fml.loading.moddiscovery.JarInJarDependencyLocator@68b11545
[22:04:19] [main/INFO]: Found mod file snakeyaml-2.2.jar of type GAMELIBRARY with provider net.minecraftforge.fml.loading.moddiscovery.JarInJarDependencyLocator@68b11545
[22:04:19] [main/INFO]: Found mod file endec-0.1.8.jar of type GAMELIBRARY with provider net.minecraftforge.fml.loading.moddiscovery.JarInJarDependencyLocator@68b11545
[22:04:19] [main/INFO]: Found mod file commonmark-0.23.0.jar of type GAMELIBRARY with provider net.minecraftforge.fml.loading.moddiscovery.JarInJarDependencyLocator@68b11545
[22:04:19] [main/INFO]: Found mod file ritchiesprojectilelib-2.0.0-dev+mc.1.20.1-forge-build.182.jar of type MOD with provider net.minecraftforge.fml.loading.moddiscovery.JarInJarDependencyLocator@68b11545
[22:04:19] [main/INFO]: Found mod file imageio-core-3.12.0.jar of type GAMELIBRARY with provider net.minecraftforge.fml.loading.moddiscovery.JarInJarDependencyLocator@68b11545
[22:04:19] [main/INFO]: Found mod file commons-collections4-4.3.jar of type GAMELIBRARY with provider net.minecraftforge.fml.loading.moddiscovery.JarInJarDependencyLocator@68b11545
[22:04:19] [main/INFO]: Found mod file MixinExtras-0.4.1.jar of type GAMELIBRARY with provider net.minecraftforge.fml.loading.moddiscovery.JarInJarDependencyLocator@68b11545
[22:04:19] [main/INFO]: Found mod file MixinSquared-0.1.1.jar of type GAMELIBRARY with provider net.minecraftforge.fml.loading.moddiscovery.JarInJarDependencyLocator@68b11545
[22:04:19] [main/INFO]: Found mod file fabric-data-attachment-api-v1-1.0.0+30ef839e77.jar of type MOD with provider net.minecraftforge.fml.loading.moddiscovery.JarInJarDependencyLocator@68b11545
[22:04:19] [main/INFO]: Found mod file mixinextras-forge-0.3.6.jar of type GAMELIBRARY with provider net.minecraftforge.fml.loading.moddiscovery.JarInJarDependencyLocator@68b11545
[22:04:19] [main/INFO]: Found mod file common-lang-3.12.0.jar of type GAMELIBRARY with provider net.minecraftforge.fml.loading.moddiscovery.JarInJarDependencyLocator@68b11545
[22:04:19] [main/INFO]: Found mod file jzlib-1.1.3.jar of type GAMELIBRARY with provider net.minecraftforge.fml.loading.moddiscovery.JarInJarDependencyLocator@68b11545
[22:04:19] [main/INFO]: Found mod file create_dragon_lib-1.20.1-1.4.3.jar of type MOD with provider net.minecraftforge.fml.loading.moddiscovery.JarInJarDependencyLocator@68b11545
[22:04:19] [main/INFO]: Found mod file jankson-1.2.3.jar of type GAMELIBRARY with provider net.minecraftforge.fml.loading.moddiscovery.JarInJarDependencyLocator@68b11545
[22:04:19] [main/INFO]: Found mod file luaj-core-3.0.3.jar of type GAMELIBRARY with provider net.minecraftforge.fml.loading.moddiscovery.JarInJarDependencyLocator@68b11545
[22:04:19] [main/INFO]: Found mod file ldlib-forge-1.20.1-1.0.31.jar of type MOD with provider net.minecraftforge.fml.loading.moddiscovery.JarInJarDependencyLocator@68b11545
[22:04:19] [main/INFO]: Found mod file jsonschema-module-jackson-4.25.0.jar of type GAMELIBRARY with provider net.minecraftforge.fml.loading.moddiscovery.JarInJarDependencyLocator@68b11545
[22:04:19] [main/INFO]: Found mod file itu-1.7.0.jar of type GAMELIBRARY with provider net.minecraftforge.fml.loading.moddiscovery.JarInJarDependencyLocator@68b11545
[22:04:19] [main/INFO]: Found mod file gson-0.2.1.jar of type GAMELIBRARY with provider net.minecraftforge.fml.loading.moddiscovery.JarInJarDependencyLocator@68b11545
[22:04:19] [main/INFO]: Found mod file dazzleconf-ext-snakeyaml-1.3.0-M2.jar of type GAMELIBRARY with provider net.minecraftforge.fml.loading.moddiscovery.JarInJarDependencyLocator@68b11545
[22:04:19] [main/INFO]: Found mod file dagger-2.43.2.jar of type GAMELIBRARY with provider net.minecraftforge.fml.loading.moddiscovery.JarInJarDependencyLocator@68b11545
[22:04:19] [main/INFO]: Found mod file lz4-pure-java-1.8.0.jar of type GAMELIBRARY with provider net.minecraftforge.fml.loading.moddiscovery.JarInJarDependencyLocator@68b11545
[22:04:19] [main/INFO]: Found mod file Reflect-1.3.4.jar of type GAMELIBRARY with provider net.minecraftforge.fml.loading.moddiscovery.JarInJarDependencyLocator@68b11545
[22:04:19] [main/INFO]: Found mod file jctools-core-4.0.5.jar of type GAMELIBRARY with provider net.minecraftforge.fml.loading.moddiscovery.JarInJarDependencyLocator@68b11545
[22:04:19] [main/INFO]: Found mod file dragonlib-forge-1.20.1-2.2.16.jar of type MOD with provider net.minecraftforge.fml.loading.moddiscovery.JarInJarDependencyLocator@68b11545
[22:04:19] [main/INFO]: Found mod file classmate-1.5.1.jar of type GAMELIBRARY with provider net.minecraftforge.fml.loading.moddiscovery.JarInJarDependencyLocator@68b11545
[22:04:19] [main/INFO]: Found mod file fabric-api-base-0.4.31+ef105b4977.jar of type MOD with provider net.minecraftforge.fml.loading.moddiscovery.JarInJarDependencyLocator@68b11545
[22:04:19] [main/INFO]: Found mod file configuration-forge-1.20.1-2.2.0.jar of type MOD with provider net.minecraftforge.fml.loading.moddiscovery.JarInJarDependencyLocator@68b11545
[22:04:19] [main/INFO]: Found mod file json-schema-validator-1.0.71.jar of type GAMELIBRARY with provider net.minecraftforge.fml.loading.moddiscovery.JarInJarDependencyLocator@68b11545
[22:04:19] [main/INFO]: Found mod file mixinsquared-forge-0.1.1.jar of type GAMELIBRARY with provider net.minecraftforge.fml.loading.moddiscovery.JarInJarDependencyLocator@68b11545
[22:04:19] [main/INFO]: Found mod file common-io-3.12.0.jar of type GAMELIBRARY with provider net.minecraftforge.fml.loading.moddiscovery.JarInJarDependencyLocator@68b11545
[22:04:19] [main/INFO]: Found mod file jackson-core-2.14.0.jar of type GAMELIBRARY with provider net.minecraftforge.fml.loading.moddiscovery.JarInJarDependencyLocator@68b11545
[22:04:19] [main/INFO]: Found mod file jackson-kotlin-dsl-1.2.0.jar of type GAMELIBRARY with provider net.minecraftforge.fml.loading.moddiscovery.JarInJarDependencyLocator@68b11545
[22:04:19] [main/INFO]: Found mod file Registrate-MC1.20-1.3.11.jar of type GAMELIBRARY with provider net.minecraftforge.fml.loading.moddiscovery.JarInJarDependencyLocator@68b11545
[22:04:19] [main/INFO]: Found mod file api-1.1.0+b19b27c4a4.jar of type GAMELIBRARY with provider net.minecraftforge.fml.loading.moddiscovery.JarInJarDependencyLocator@68b11545
[22:04:19] [main/INFO]: Found mod file jackson-dataformat-cbor-2.14.0.jar of type GAMELIBRARY with provider net.minecraftforge.fml.loading.moddiscovery.JarInJarDependencyLocator@68b11545
[22:04:19] [main/INFO]: Found mod file spectrelib-forge-0.13.15+1.20.1.jar of type MOD with provider net.minecraftforge.fml.loading.moddiscovery.JarInJarDependencyLocator@68b11545
[22:04:19] [main/INFO]: Found mod file json-0.2.1.jar of type GAMELIBRARY with provider net.minecraftforge.fml.loading.moddiscovery.JarInJarDependencyLocator@68b11545
[22:04:19] [main/INFO]: Found mod file javax.inject-1.jar of type GAMELIBRARY with provider net.minecraftforge.fml.loading.moddiscovery.JarInJarDependencyLocator@68b11545
[22:04:19] [main/INFO]: Found mod file kffmod-4.11.0.jar of type MOD with provider net.minecraftforge.fml.loading.moddiscovery.JarInJarDependencyLocator@68b11545
[22:04:19] [main/INFO]: Found mod file kfflib-4.11.0.jar of type GAMELIBRARY with provider net.minecraftforge.fml.loading.moddiscovery.JarInJarDependencyLocator@68b11545
[22:04:19] [main/INFO]: Found mod file cobalt-0.9.3.jar of type GAMELIBRARY with provider net.minecraftforge.fml.loading.moddiscovery.JarInJarDependencyLocator@68b11545
[22:04:19] [main/INFO]: Found mod file bytecodecs-1.0.2.jar of type GAMELIBRARY with provider net.minecraftforge.fml.loading.moddiscovery.JarInJarDependencyLocator@68b11545
[22:04:19] [main/INFO]: Found mod file flywheel-forge-1.20.1-0.6.11-13.jar of type MOD with provider net.minecraftforge.fml.loading.moddiscovery.JarInJarDependencyLocator@68b11545
[22:04:19] [main/INFO]: Found mod file curios-forge-5.6.1+1.20.1.jar of type MOD with provider net.minecraftforge.fml.loading.moddiscovery.JarInJarDependencyLocator@68b11545
[22:04:19] [main/INFO]: Found mod file luaj-jse-3.0.3.jar of type GAMELIBRARY with provider net.minecraftforge.fml.loading.moddiscovery.JarInJarDependencyLocator@68b11545
[22:04:19] [main/INFO]: Found mod file common-image-3.12.0.jar of type GAMELIBRARY with provider net.minecraftforge.fml.loading.moddiscovery.JarInJarDependencyLocator@68b11545
[22:04:19] [main/INFO]: Found mod file commonmark-ext-gfm-strikethrough-0.23.0.jar of type GAMELIBRARY with provider net.minecraftforge.fml.loading.moddiscovery.JarInJarDependencyLocator@68b11545
[22:04:19] [main/INFO]: Found mod file fabric-entity-events-v1-1.6.0+6274ab9d77.jar of type MOD with provider net.minecraftforge.fml.loading.moddiscovery.JarInJarDependencyLocator@68b11545
[22:04:19] [main/INFO]: Found mod file cumulus_menus-1.20.1-1.0.1-neoforge.jar of type MOD with provider net.minecraftforge.fml.loading.moddiscovery.JarInJarDependencyLocator@68b11545
[22:04:19] [main/INFO]: Found mod file architectury-forge-9.2.14.jar of type MOD with provider net.minecraftforge.fml.loading.moddiscovery.JarInJarDependencyLocator@68b11545
[22:04:19] [main/INFO]: Found mod file yabn-1.0.3.jar of type GAMELIBRARY with provider net.minecraftforge.fml.loading.moddiscovery.JarInJarDependencyLocator@68b11545
[22:04:19] [main/INFO]: Found mod file imageio-metadata-3.12.0.jar of type GAMELIBRARY with provider net.minecraftforge.fml.loading.moddiscovery.JarInJarDependencyLocator@68b11545
[22:04:19] [main/INFO]: Found mod file fabric-object-builder-api-v1-11.1.3+2174fc8477.jar of type MOD with provider net.minecraftforge.fml.loading.moddiscovery.JarInJarDependencyLocator@68b11545
[22:04:19] [main/INFO]: Found mod file jackson-databind-2.14.0.jar of type GAMELIBRARY with provider net.minecraftforge.fml.loading.moddiscovery.JarInJarDependencyLocator@68b11545
[22:04:19] [main/INFO]: Found mod file nitrogen_internals-1.20.1-1.0.11-neoforge.jar of type MOD with provider net.minecraftforge.fml.loading.moddiscovery.JarInJarDependencyLocator@68b11545
[22:04:19] [main/INFO]: Found mod file jsonschema-generator-4.25.0.jar of type GAMELIBRARY with provider net.minecraftforge.fml.loading.moddiscovery.JarInJarDependencyLocator@68b11545
[22:04:19] [main/INFO]: Found mod file saecularia-caudices-forge-1.0.23.jar of type GAMELIBRARY with provider net.minecraftforge.fml.loading.moddiscovery.JarInJarDependencyLocator@68b11545
[22:04:19] [main/INFO]: Found mod file tomlkt-jvm-0.3.7.jar of type GAMELIBRARY with provider net.minecraftforge.fml.loading.moddiscovery.JarInJarDependencyLocator@68b11545
[22:04:19] [main/INFO]: Found mod file expandability-forge-9.0.4.jar of type MOD with provider net.minecraftforge.fml.loading.moddiscovery.JarInJarDependencyLocator@68b11545
[22:04:19] [main/INFO]: Found mod file jlayer-1.0.1.jar of type GAMELIBRARY with provider net.minecraftforge.fml.loading.moddiscovery.JarInJarDependencyLocator@68b11545
[22:04:19] [main/INFO]: Found mod file commons-math3-3.6.1.jar of type GAMELIBRARY with provider net.minecraftforge.fml.loading.moddiscovery.JarInJarDependencyLocator@68b11545
[22:04:19] [main/INFO]: Found mod file commonmark-ext-ins-0.23.0.jar of type GAMELIBRARY with provider net.minecraftforge.fml.loading.moddiscovery.JarInJarDependencyLocator@68b11545
[22:04:19] [main/INFO]: Found Kotlin-containing mod Jar[union:/C:/Users/KeksNino/AppData/Roaming/gdlauncher_carbon/data/instances/modpack/instance/essential/libraries/forge_1.20.1/kotlin-for-forge-4.3.0-slim.jar%23529!/], checking whether we need to upgrade it..
[22:04:19] [main/INFO]: Found outdated Kotlin core libs 0.0.0 (we ship 1.9.23)
[22:04:19] [main/INFO]: Found outdated Kotlin Coroutines libs 0.0.0 (we ship 1.8.0)
[22:04:19] [main/INFO]: Found outdated Kotlin Serialization libs 0.0.0 (we ship 1.6.3)
[22:04:19] [main/INFO]: Generating jar with updated Kotlin at C:\Users\KeksNino\AppData\Local\Temp\kff-updated-kotlin-10237481911370185456-4.3.0-slim.jar
[22:04:19] [main/INFO]: Found Kotlin-containing mod Jar[union:/C:/Users/KeksNino/AppData/Roaming/gdlauncher_carbon/data/instances/modpack/instance/mods/kotlinforforge-4.11.0-all.jar%23754!/], checking whether we need to upgrade it..
[22:04:19] [main/INFO]: Found up-to-date Kotlin core libs 2.0.0 (we ship 1.9.23)
[22:04:19] [main/INFO]: Found up-to-date Kotlin Coroutines libs 1.8.1 (we ship 1.8.0)
[22:04:19] [main/INFO]: Found up-to-date Kotlin Serialization libs 1.6.3 (we ship 1.6.3)
[22:04:19] [main/INFO]: All good, no update needed: Jar[union:/C:/Users/KeksNino/AppData/Roaming/gdlauncher_carbon/data/instances/modpack/instance/mods/kotlinforforge-4.11.0-all.jar%23754!/]
[22:04:19] [main/ERROR]: Missing or unsupported mandatory dependencies:
	Mod ID: 'puzzleslib', Requested by: 'overflowingbars', Expected range: '[8.0.0,)', Actual version: '[MISSING]'
[22:04:20] [main/INFO]: Compatibility level set to JAVA_17
[22:04:20] [main/INFO]: Launching target 'forgeclient' with arguments [--version, 1.20.1, --gameDir, C:\Users\KeksNino\AppData\Roaming\gdlauncher_carbon\data\instances\modpack\instance, --assetsDir, C:\Users\KeksNino\AppData\Roaming\gdlauncher_carbon\data\assets, --uuid, dd26af85651a430eb5bc59c77eb57845, --username, KeksNino, --assetIndex, 5, --accessToken, ????????, --userType, msa, --versionType, release]
[22:04:22] [pool-4-thread-1/INFO]: Initializing MixinExtras via com.llamalad7.mixinextras.service.MixinExtrasServiceImpl(version=0.4.1).
